This is pdfTeX, Version 3.14159265-2.6-1.40.21 (MiKTeX 2.9.7440 64-bit) (preloaded format=pdflatex 2020.6.8)  9 SEP 2020 22:26
entering extended mode
**./Bachelorarbeit.tex
(Bachelorarbeit.tex
LaTeX2e <2020-02-02> patch level 5
L3 programming layer <2020-06-03>
("C:\Program Files\MiKTeX 2.9\tex/latex/base\article.cls"
Document Class: article 2019/12/20 v1.4l Standard LaTeX document class
("C:\Program Files\MiKTeX 2.9\tex/latex/base\size12.clo"
File: size12.clo 2019/12/20 v1.4l Standard LaTeX file (size option)
)
\c@part=\count167
\c@section=\count168
\c@subsection=\count169
\c@subsubsection=\count170
\c@paragraph=\count171
\c@subparagraph=\count172
\c@figure=\count173
\c@table=\count174
\abovecaptionskip=\skip47
\belowcaptionskip=\skip48
\bibindent=\dimen134
)
("C:\Program Files\MiKTeX 2.9\tex/latex/base\inputenc.sty"
Package: inputenc 2018/08/11 v1.3c Input encoding file
\inpenc@prehook=\toks15
\inpenc@posthook=\toks16
)
("C:\Program Files\MiKTeX 2.9\tex/generic/babel\babel.sty"
Package: babel 2020/05/13 3.44 The Babel package

("C:\Program Files\MiKTeX 2.9\tex/generic/babel\babel.def"
File: babel.def 2020/05/13 3.44 Babel common definitions
\babel@savecnt=\count175
\U@D=\dimen135
\l@babelnohyphens=\language79

("C:\Program Files\MiKTeX 2.9\tex/generic/babel\txtbabel.def")
\bbl@readstream=\read2
)
\bbl@dirlevel=\count176

*************************************
* Local config file bblopts.cfg used
*
("C:\Program Files\MiKTeX 2.9\tex/latex/arabi\bblopts.cfg"
File: bblopts.cfg 2005/09/08 v0.1 add Arabic and Farsi to "declared" options of
 babel
)
(C:\Users\andre\AppData\Roaming\MiKTeX\2.9\tex/latex/babel-german\ngerman.ldf
Language: ngerman 2018/12/08 v2.11 German support for babel (post-1996 orthogra
phy)

(C:\Users\andre\AppData\Roaming\MiKTeX\2.9\tex/latex/babel-german\ngermanb.ldf
Language: ngermanb 2018/12/08 v2.11 German support for babel (post-1996 orthogr
aphy)
Package babel Info: Making " an active character on input line 121.
)) (C:\Users\andre\AppData\Roaming\MiKTeX\2.9\tex/latex/babel-german\german.ldf
Language: german 2018/12/08 v2.11 German support for babel (pre-1996 orthograph
y)

(C:\Users\andre\AppData\Roaming\MiKTeX\2.9\tex/latex/babel-german\germanb.ldf
Language: germanb 2018/12/08 v2.11 German support for babel (pre-1996 orthograp
hy)
))) ("C:\Program Files\MiKTeX 2.9\tex/latex/base\fontenc.sty"
Package: fontenc 2020/02/11 v2.0o Standard LaTeX package
)
(C:\Users\andre\AppData\Roaming\MiKTeX\2.9\tex/latex/psnfss\courier.sty
Package: courier 2020/03/25 PSNFSS-v9.3 (WaS) 
)
(C:\Users\andre\AppData\Roaming\MiKTeX\2.9\tex/latex/float\float.sty
Package: float 2001/11/08 v1.3d Float enhancements (AL)
\c@float@type=\count177
\float@exts=\toks17
\float@box=\box45
\@float@everytoks=\toks18
\@floatcapt=\box46
)
("C:\Program Files\MiKTeX 2.9\tex/latex/amsmath\amsmath.sty"
Package: amsmath 2020/01/20 v2.17e AMS math features
\@mathmargin=\skip49

For additional information on amsmath, use the `?' option.
("C:\Program Files\MiKTeX 2.9\tex/latex/amsmath\amstext.sty"
Package: amstext 2000/06/29 v2.01 AMS text

("C:\Program Files\MiKTeX 2.9\tex/latex/amsmath\amsgen.sty"
File: amsgen.sty 1999/11/30 v2.0 generic functions
\@emptytoks=\toks19
\ex@=\dimen136
))
("C:\Program Files\MiKTeX 2.9\tex/latex/amsmath\amsbsy.sty"
Package: amsbsy 1999/11/29 v1.2d Bold Symbols
\pmbraise@=\dimen137
)
("C:\Program Files\MiKTeX 2.9\tex/latex/amsmath\amsopn.sty"
Package: amsopn 2016/03/08 v2.02 operator names
)
\inf@bad=\count178
LaTeX Info: Redefining \frac on input line 227.
\uproot@=\count179
\leftroot@=\count180
LaTeX Info: Redefining \overline on input line 389.
\classnum@=\count181
\DOTSCASE@=\count182
LaTeX Info: Redefining \ldots on input line 486.
LaTeX Info: Redefining \dots on input line 489.
LaTeX Info: Redefining \cdots on input line 610.
\Mathstrutbox@=\box47
\strutbox@=\box48
\big@size=\dimen138
LaTeX Font Info:    Redeclaring font encoding OML on input line 733.
LaTeX Font Info:    Redeclaring font encoding OMS on input line 734.
\macc@depth=\count183
\c@MaxMatrixCols=\count184
\dotsspace@=\muskip16
\c@parentequation=\count185
\dspbrk@lvl=\count186
\tag@help=\toks20
\row@=\count187
\column@=\count188
\maxfields@=\count189
\andhelp@=\toks21
\eqnshift@=\dimen139
\alignsep@=\dimen140
\tagshift@=\dimen141
\tagwidth@=\dimen142
\totwidth@=\dimen143
\lineht@=\dimen144
\@envbody=\toks22
\multlinegap=\skip50
\multlinetaggap=\skip51
\mathdisplay@stack=\toks23
LaTeX Info: Redefining \[ on input line 2859.
LaTeX Info: Redefining \] on input line 2860.
)
(C:\Users\andre\AppData\Roaming\MiKTeX\2.9\tex/latex/amscls\amsthm.sty
Package: amsthm 2020/05/29 v2.20.6
\thm@style=\toks24
\thm@bodyfont=\toks25
\thm@headfont=\toks26
\thm@notefont=\toks27
\thm@headpunct=\toks28
\thm@preskip=\skip52
\thm@postskip=\skip53
\thm@headsep=\skip54
\dth@everypar=\toks29
)
("C:\Program Files\MiKTeX 2.9\tex/latex/amsfonts\amssymb.sty"
Package: amssymb 2013/01/14 v3.01 AMS font symbols

("C:\Program Files\MiKTeX 2.9\tex/latex/amsfonts\amsfonts.sty"
Package: amsfonts 2013/01/14 v3.01 Basic AMSFonts support
\symAMSa=\mathgroup4
\symAMSb=\mathgroup5
LaTeX Font Info:    Redeclaring math symbol \hbar on input line 98.
LaTeX Font Info:    Overwriting math alphabet `\mathfrak' in version `bold'
(Font)                  U/euf/m/n --> U/euf/b/n on input line 106.
))
(C:\Users\andre\AppData\Roaming\MiKTeX\2.9\tex/latex/mathtools\mathtools.sty
Package: mathtools 2020/03/24 v1.24 mathematical typesetting tools

("C:\Program Files\MiKTeX 2.9\tex/latex/graphics\keyval.sty"
Package: keyval 2014/10/28 v1.15 key=value parser (DPC)
\KV@toks@=\toks30
)
("C:\Program Files\MiKTeX 2.9\tex/latex/tools\calc.sty"
Package: calc 2017/05/25 v4.3 Infix arithmetic (KKT,FJ)
\calc@Acount=\count190
\calc@Bcount=\count191
\calc@Adimen=\dimen145
\calc@Bdimen=\dimen146
\calc@Askip=\skip55
\calc@Bskip=\skip56
LaTeX Info: Redefining \setlength on input line 80.
LaTeX Info: Redefining \addtolength on input line 81.
\calc@Ccount=\count192
\calc@Cskip=\skip57
)
(C:\Users\andre\AppData\Roaming\MiKTeX\2.9\tex/latex/mathtools\mhsetup.sty
Package: mhsetup 2017/03/31 v1.3 programming setup (MH)
)
LaTeX Info: Thecontrolsequence`\('isalreadyrobust on input line 130.
LaTeX Info: Thecontrolsequence`\)'isalreadyrobust on input line 130.
LaTeX Info: Thecontrolsequence`\['isalreadyrobust on input line 130.
LaTeX Info: Thecontrolsequence`\]'isalreadyrobust on input line 130.
\g_MT_multlinerow_int=\count193
\l_MT_multwidth_dim=\dimen147
\origjot=\skip58
\l_MT_shortvdotswithinadjustabove_dim=\dimen148
\l_MT_shortvdotswithinadjustbelow_dim=\dimen149
\l_MT_above_intertext_sep=\dimen150
\l_MT_below_intertext_sep=\dimen151
\l_MT_above_shortintertext_sep=\dimen152
\l_MT_below_shortintertext_sep=\dimen153
\xmathstrut@box=\box49
\xmathstrut@dim=\dimen154
)
("C:\Program Files\MiKTeX 2.9\tex/latex/tools\tabularx.sty"
Package: tabularx 2020/01/15 v2.11c `tabularx' package (DPC)

("C:\Program Files\MiKTeX 2.9\tex/latex/tools\array.sty"
Package: array 2019/08/31 v2.4l Tabular extension package (FMi)
\col@sep=\dimen155
\ar@mcellbox=\box50
\extrarowheight=\dimen156
\NC@list=\toks31
\extratabsurround=\skip59
\backup@length=\skip60
\ar@cellbox=\box51
)
\TX@col@width=\dimen157
\TX@old@table=\dimen158
\TX@old@col=\dimen159
\TX@target=\dimen160
\TX@delta=\dimen161
\TX@cols=\count194
\TX@ftn=\toks32
)
("C:\Program Files\MiKTeX 2.9\tex/latex/graphics\graphicx.sty"
Package: graphicx 2019/11/30 v1.2a Enhanced LaTeX Graphics (DPC,SPQR)

("C:\Program Files\MiKTeX 2.9\tex/latex/graphics\graphics.sty"
Package: graphics 2019/11/30 v1.4a Standard LaTeX Graphics (DPC,SPQR)

("C:\Program Files\MiKTeX 2.9\tex/latex/graphics\trig.sty"
Package: trig 2016/01/03 v1.10 sin cos tan (DPC)
)
("C:\Program Files\MiKTeX 2.9\tex/latex/graphics-cfg\graphics.cfg"
File: graphics.cfg 2016/06/04 v1.11 sample graphics configuration
)
Package graphics Info: Driver file: pdftex.def on input line 105.

("C:\Program Files\MiKTeX 2.9\tex/latex/graphics-def\pdftex.def"
File: pdftex.def 2018/01/08 v1.0l Graphics/color driver for pdftex
))
\Gin@req@height=\dimen162
\Gin@req@width=\dimen163
)
(C:\Users\andre\AppData\Roaming\MiKTeX\2.9\tex/latex/cite\cite.sty
LaTeX Info: Redefining \cite on input line 302.
LaTeX Info: Redefining \nocite on input line 332.
Package: cite 2015/02/27  v 5.5
)
(C:\Users\andre\AppData\Roaming\MiKTeX\2.9\tex/latex/csquotes\csquotes.sty
Package: csquotes 2019-12-06 v5.2j context-sensitive quotations (JAW)

("C:\Program Files\MiKTeX 2.9\tex/latex/etoolbox\etoolbox.sty"
Package: etoolbox 2019/09/21 v2.5h e-TeX tools for LaTeX (JAW)
\etb@tempcnta=\count195
)
\csq@reset=\count196
\csq@gtype=\count197
\csq@glevel=\count198
\csq@qlevel=\count199
\csq@maxlvl=\count266
\csq@tshold=\count267
\csq@ltx@everypar=\toks33

(C:\Users\andre\AppData\Roaming\MiKTeX\2.9\tex/latex/csquotes\csquotes.def
File: csquotes.def 2019-12-06 v5.2j csquotes generic definitions (JAW)
)
Package csquotes Info: Trying to load configuration file 'csquotes.cfg'...
Package csquotes Info: ... configuration file loaded successfully.

(C:\Users\andre\AppData\Roaming\MiKTeX\2.9\tex/latex/csquotes\csquotes.cfg
File: csquotes.cfg 
))
(C:\Users\andre\AppData\Roaming\MiKTeX\2.9\tex/latex/pdfpages\pdfpages.sty
Package: pdfpages 2020/01/28 v0.5q Insert pages of external PDF documents (AM)

("C:\Program Files\MiKTeX 2.9\tex/latex/base\ifthen.sty"
Package: ifthen 2014/09/29 v1.1c Standard LaTeX ifthen package (DPC)
)
(C:\Users\andre\AppData\Roaming\MiKTeX\2.9\tex/latex/eso-pic\eso-pic.sty
Package: eso-pic 2018/04/12 v2.0h eso-pic (RN)

(C:\Users\andre\AppData\Roaming\MiKTeX\2.9\tex/generic/atbegshi\atbegshi.sty
Package: atbegshi 2019/12/05 v1.19 At begin shipout hook (HO)

(C:\Users\andre\AppData\Roaming\MiKTeX\2.9\tex/generic/infwarerr\infwarerr.sty
Package: infwarerr 2019/12/03 v1.5 Providing info/warning/error messages (HO)
) (C:\Users\andre\AppData\Roaming\MiKTeX\2.9\tex/generic/ltxcmds\ltxcmds.sty
Package: ltxcmds 2019/12/15 v1.24 LaTeX kernel commands for general use (HO)
)
("C:\Program Files\MiKTeX 2.9\tex/generic/iftex\iftex.sty"
Package: iftex 2020/03/06 v1.0d TeX engine tests
))
("C:\Program Files\MiKTeX 2.9\tex/latex/xcolor\xcolor.sty"
Package: xcolor 2016/05/11 v2.12 LaTeX color extensions (UK)

("C:\Program Files\MiKTeX 2.9\tex/latex/graphics-cfg\color.cfg"
File: color.cfg 2016/01/02 v1.6 sample color configuration
)
Package xcolor Info: Driver file: pdftex.def on input line 225.
Package xcolor Info: Model `cmy' substituted by `cmy0' on input line 1348.
Package xcolor Info: Model `hsb' substituted by `rgb' on input line 1352.
Package xcolor Info: Model `RGB' extended on input line 1364.
Package xcolor Info: Model `HTML' substituted by `rgb' on input line 1366.
Package xcolor Info: Model `Hsb' substituted by `hsb' on input line 1367.
Package xcolor Info: Model `tHsb' substituted by `hsb' on input line 1368.
Package xcolor Info: Model `HSB' substituted by `hsb' on input line 1369.
Package xcolor Info: Model `Gray' substituted by `gray' on input line 1370.
Package xcolor Info: Model `wave' substituted by `hsb' on input line 1371.
))
\AM@pagewidth=\dimen164
\AM@pageheight=\dimen165

(C:\Users\andre\AppData\Roaming\MiKTeX\2.9\tex/latex/pdfpages\pppdftex.def
File: pppdftex.def 2020/01/28 v0.5q Pdfpages driver for pdfTeX (AM)
)
\AM@pagebox=\box52
\AM@global@opts=\toks34
\AM@pagecnt=\count268
\AM@toc@title=\toks35
\c@AM@survey=\count269
\AM@templatesizebox=\box53
)
(C:\Users\andre\AppData\Roaming\MiKTeX\2.9\tex/latex/caption\caption.sty
Package: caption 2020/05/10 v3.4j Customizing captions (AR)

(C:\Users\andre\AppData\Roaming\MiKTeX\2.9\tex/latex/caption\caption3.sty
Package: caption3 2020/05/10 v1.11 caption3 kernel (AR)
Package caption3 Info: TeX engine: e-TeX on input line 61.
\captionmargin=\dimen166
\captionmargin@=\dimen167
\captionwidth=\dimen168
\caption@tempdima=\dimen169
\caption@indent=\dimen170
\caption@parindent=\dimen171
\caption@hangindent=\dimen172
Package caption Info: Standard document class detected.
)
\c@caption@flags=\count270
\c@continuedfloat=\count271
Package caption Info: float package is loaded.
)
\c@Lemma=\count272
\c@Satz=\count273
Package csquotes Info: Checking for multilingual support...
Package csquotes Info: ... found 'babel' package.
Package csquotes Info: Adjusting default style.
Package csquotes Info: Redefining alias 'default' -> 'german'.

("C:\Program Files\MiKTeX 2.9\tex/latex/l3backend\l3backend-pdfmode.def"
File: l3backend-pdfmode.def 2020-06-03 L3 backend support: PDF mode
\l__kernel_color_stack_int=\count274
\l__pdf_internal_box=\box54
)
(Bachelorarbeit.aux

LaTeX Warning: Label `fig:ResultGUI' multiply defined.

)
\openout1 = `Bachelorarbeit.aux'.

LaTeX Font Info:    Checking defaults for OML/cmm/m/it on input line 24.
LaTeX Font Info:    ... okay on input line 24.
LaTeX Font Info:    Checking defaults for OMS/cmsy/m/n on input line 24.
LaTeX Font Info:    ... okay on input line 24.
LaTeX Font Info:    Checking defaults for OT1/cmr/m/n on input line 24.
LaTeX Font Info:    ... okay on input line 24.
LaTeX Font Info:    Checking defaults for T1/cmr/m/n on input line 24.
LaTeX Font Info:    ... okay on input line 24.
LaTeX Font Info:    Checking defaults for TS1/cmr/m/n on input line 24.
LaTeX Font Info:    ... okay on input line 24.
LaTeX Font Info:    Checking defaults for OMX/cmex/m/n on input line 24.
LaTeX Font Info:    ... okay on input line 24.
LaTeX Font Info:    Checking defaults for U/cmr/m/n on input line 24.
LaTeX Font Info:    ... okay on input line 24.
 ("C:\Program Files\MiKTeX 2.9\tex/context/base/mkii\supp-pdf.mkii"
[Loading MPS to PDF converter (version 2006.09.02).]
\scratchcounter=\count275
\scratchdimen=\dimen173
\scratchbox=\box55
\nofMPsegments=\count276
\nofMParguments=\count277
\everyMPshowfont=\toks36
\MPscratchCnt=\count278
\MPscratchDim=\dimen174
\MPnumerator=\count279
\makeMPintoPDFobject=\count280
\everyMPtoPDFconversion=\toks37
) ("C:\Program Files\MiKTeX 2.9\tex/latex/epstopdf-pkg\epstopdf-base.sty"
Package: epstopdf-base 2020-01-24 v2.11 Base part for package epstopdf
Package epstopdf-base Info: Redefining graphics rule for `.eps' on input line 4
85.
)
\AtBeginShipoutBox=\box56

(C:\Users\andre\AppData\Roaming\MiKTeX\2.9\tex/latex/pdflscape\pdflscape.sty
Package: pdflscape 2019/12/05 v0.12 Display of landscape pages in PDF (HO)

("C:\Program Files\MiKTeX 2.9\tex/latex/graphics\lscape.sty"
Package: lscape 2000/10/22 v3.01 Landscape Pages (DPC)
)
Package pdflscape Info: Auto-detected driver: pdftex on input line 81.
)
Package caption Info: Begin \AtBeginDocument code.
Package caption Info: End \AtBeginDocument code.
<Medien/kleinkram/UniLogo.png, id=1, 324.0105pt x 90.93974pt>
File: Medien/kleinkram/UniLogo.png Graphic file (type png)
<use Medien/kleinkram/UniLogo.png>
Package pdftex.def Info: Medien/kleinkram/UniLogo.png  used on input line 26.
(pdftex.def)             Requested size: 155.99762pt x 43.78378pt.
 [1

{C:/Users/andre/AppData/Local/MiKTeX/2.9/pdftex/config/pdftex.map} <./Medien/kl
einkram/UniLogo.png>]
LaTeX Font Info:    Trying to load font information for U+msa on input line 73.

 ("C:\Program Files\MiKTeX 2.9\tex/latex/amsfonts\umsa.fd"
File: umsa.fd 2013/01/14 v3.01 AMS symbols A
)
LaTeX Font Info:    Trying to load font information for U+msb on input line 73.


("C:\Program Files\MiKTeX 2.9\tex/latex/amsfonts\umsb.fd"
File: umsb.fd 2013/01/14 v3.01 AMS symbols B
) [2]
(Bachelorarbeit.toc [3])
\tf@toc=\write3
\openout3 = `Bachelorarbeit.toc'.

 [4] [5]
Underfull \hbox (badness 10000) in paragraph at lines 91--92

 []

<Medien/Einleitung/ioSuchbaum.png, id=28, 1562.2365pt x 746.79pt>
File: Medien/Einleitung/ioSuchbaum.png Graphic file (type png)
<use Medien/Einleitung/ioSuchbaum.png>
Package pdftex.def Info: Medien/Einleitung/ioSuchbaum.png  used on input line 1
00.
(pdftex.def)             Requested size: 390.0pt x 186.42355pt.
<Medien/Einleitung/nioSuchbaum.png, id=29, 1471.29675pt x 758.835pt>
File: Medien/Einleitung/nioSuchbaum.png Graphic file (type png)
<use Medien/Einleitung/nioSuchbaum.png>
Package pdftex.def Info: Medien/Einleitung/nioSuchbaum.png  used on input line 
106.
(pdftex.def)             Requested size: 390.0pt x 201.13663pt.
[6]
Underfull \hbox (badness 10000) in paragraph at lines 111--113

 []

[7 <./Medien/Einleitung/ioSuchbaum.png> <./Medien/Einleitung/nioSuchbaum.png>]
Overfull \hbox (15.74591pt too wide) in paragraph at lines 118--118
[]\T1/cmr/bx/n/14.4 Weitere Be-grif-fe und Ei-gen-schaf-ten zum bi-n‰ren Such-
 []

<Medien/Einleitung/suchbaum2_2.png, id=48, 1344.82425pt x 852.786pt>
File: Medien/Einleitung/suchbaum2_2.png Graphic file (type png)
<use Medien/Einleitung/suchbaum2_2.png>
Package pdftex.def Info: Medien/Einleitung/suchbaum2_2.png  used on input line 
122.
(pdftex.def)             Requested size: 390.0pt x 247.3016pt.
[8]
<Medien/Einleitung/linksRechts.png, id=53, 1983.8115pt x 705.23476pt>
File: Medien/Einleitung/linksRechts.png Graphic file (type png)
<use Medien/Einleitung/linksRechts.png>
Package pdftex.def Info: Medien/Einleitung/linksRechts.png  used on input line 
131.
(pdftex.def)             Requested size: 390.0pt x 138.64474pt.

Underfull \hbox (badness 10000) in paragraph at lines 135--136

 []

[9 <./Medien/Einleitung/suchbaum2_2.png> <./Medien/Einleitung/linksRechts.png>]
<Medien/Einleitung/Vorg√§ngerNachfolger.png, id=59, 1520.079pt x 859.41075pt>
File: Medien/Einleitung/Vorg√§ngerNachfolger.png Graphic file (type png)
<use Medien/Einleitung/Vorg√§ngerNachfolger.png>
Package pdftex.def Info: Medien/Einleitung/Vorg√§ngerNachfolger.png  used on in
put line 153.
(pdftex.def)             Requested size: 390.0pt x 220.49098pt.
[10]
Underfull \hbox (badness 10000) in paragraph at lines 165--170

 []


Underfull \hbox (badness 10000) in paragraph at lines 165--170

 []


Underfull \hbox (badness 10000) in paragraph at lines 175--176

 []

[11 <./Medien/Einleitung/Vorg√§ngerNachfolger.png>]
<Medien/Einleitung/Linksrotation.png, id=67, 2197.61024pt x 691.98524pt>
File: Medien/Einleitung/Linksrotation.png Graphic file (type png)
<use Medien/Einleitung/Linksrotation.png>
Package pdftex.def Info: Medien/Einleitung/Linksrotation.png  used on input lin
e 182.
(pdftex.def)             Requested size: 390.0pt x 122.7992pt.
<Medien/Einleitung/Rechtsrotation.png, id=68, 2322.87825pt x 708.84825pt>
File: Medien/Einleitung/Rechtsrotation.png Graphic file (type png)
<use Medien/Einleitung/Rechtsrotation.png>
Package pdftex.def Info: Medien/Einleitung/Rechtsrotation.png  used on input li
ne 188.
(pdftex.def)             Requested size: 390.0pt x 119.00998pt.
<Medien/Einleitung/LinksRechtsRotation.png, id=69, 2331.30975pt x 708.84825pt>
File: Medien/Einleitung/LinksRechtsRotation.png Graphic file (type png)
<use Medien/Einleitung/LinksRechtsRotation.png>
Package pdftex.def Info: Medien/Einleitung/LinksRechtsRotation.png  used on inp
ut line 194.
(pdftex.def)             Requested size: 390.0pt x 118.57733pt.
 [12 <./Medien/Einleitung/Linksrotation.png>]
<Medien/Einleitung/SuchenEinf√ºgen.png, id=74, 2214.47325pt x 744.381pt>
File: Medien/Einleitung/SuchenEinf√ºgen.png Graphic file (type png)
<use Medien/Einleitung/SuchenEinf√ºgen.png>
Package pdftex.def Info: Medien/Einleitung/SuchenEinf√ºgen.png  used on input l
ine 207.
(pdftex.def)             Requested size: 390.0pt x 131.09778pt.

Underfull \hbox (badness 10000) in paragraph at lines 200--210

 []

[13 <./Medien/Einleitung/Rechtsrotation.png> <./Medien/Einleitung/LinksRechtsRo
tation.png>] [14 <./Medien/Einleitung/SuchenEinf√ºgen.png>]
<Medien/Einleitung/l√∂schen.png, id=86, 2298.186pt x 689.57625pt>
File: Medien/Einleitung/l√∂schen.png Graphic file (type png)
<use Medien/Einleitung/l√∂schen.png>
Package pdftex.def Info: Medien/Einleitung/l√∂schen.png  used on input line 229
.
(pdftex.def)             Requested size: 390.0pt x 117.01596pt.
 [15 <./Medien/Einleitung/l√∂schen.png>]
<Medien/Einleitung/kompletterBaum.png, id=91, 2047.04774pt x 658.8615pt>
File: Medien/Einleitung/kompletterBaum.png Graphic file (type png)
<use Medien/Einleitung/kompletterBaum.png>
Package pdftex.def Info: Medien/Einleitung/kompletterBaum.png  used on input li
ne 242.
(pdftex.def)             Requested size: 390.0pt x 125.51674pt.

Underfull \hbox (badness 10000) in paragraph at lines 252--254

 []


Underfull \hbox (badness 10000) in paragraph at lines 258--259

 []


Underfull \hbox (badness 10000) in paragraph at lines 262--264

 []

[16 <./Medien/Einleitung/kompletterBaum.png>]
Underfull \hbox (badness 10000) in paragraph at lines 282--283

 []

[17]
<Medien/RotSchwarzBaum/IOBaum.png, id=100, 1432.75275pt x 691.98524pt>
File: Medien/RotSchwarzBaum/IOBaum.png Graphic file (type png)
<use Medien/RotSchwarzBaum/IOBaum.png>
Package pdftex.def Info: Medien/RotSchwarzBaum/IOBaum.png  used on input line 2
88.
(pdftex.def)             Requested size: 390.0pt x 188.35898pt.
<Medien/RotSchwarzBaum/NIOBaumZweiRote.png, id=101, 1504.4205pt x 691.98524pt>
File: Medien/RotSchwarzBaum/NIOBaumZweiRote.png Graphic file (type png)
<use Medien/RotSchwarzBaum/NIOBaumZweiRote.png>
Package pdftex.def Info: Medien/RotSchwarzBaum/NIOBaumZweiRote.png  used on inp
ut line 294.
(pdftex.def)             Requested size: 390.0pt x 179.38397pt.
<Medien/RotSchwarzBaum/NIOBaumPfadl√§nge.png, id=102, 1444.79774pt x 876.27374p
t>
File: Medien/RotSchwarzBaum/NIOBaumPfadl√§nge.png Graphic file (type png)
<use Medien/RotSchwarzBaum/NIOBaumPfadl√§nge.png>
Package pdftex.def Info: Medien/RotSchwarzBaum/NIOBaumPfadl√§nge.png  used on i
nput line 300.
(pdftex.def)             Requested size: 390.0pt x 236.53021pt.
 [18 <./Medien/RotSchwarzBaum/IOBaum.png>] [19 <./Medien/RotSchwarzBaum/NIOBaum
ZweiRote.png> <./Medien/RotSchwarzBaum/NIOBaumPfadl√§nge.png>]
Underfull \hbox (badness 10000) in paragraph at lines 322--323

 []

[20]
<Medien/RotSchwarzBaum/Einf√ºgenFixUpFall1.png, id=116, 1344.82425pt x 491.436p
t>
File: Medien/RotSchwarzBaum/Einf√ºgenFixUpFall1.png Graphic file (type png)
<use Medien/RotSchwarzBaum/Einf√ºgenFixUpFall1.png>
Package pdftex.def Info: Medien/RotSchwarzBaum/Einf√ºgenFixUpFall1.png  used on
 input line 328.
(pdftex.def)             Requested size: 234.00238pt x 85.50768pt.

Underfull \hbox (badness 10000) in paragraph at lines 324--331

 []


Underfull \hbox (badness 10000) in paragraph at lines 342--345

 []

[21 <./Medien/RotSchwarzBaum/Einf√ºgenFixUpFall1.png>]
Underfull \hbox (badness 10000) in paragraph at lines 346--348

 []

<Medien/RotSchwarzBaum/Einf√ºgenFixUpFall2.png, id=122, 2933.55975pt x 1026.836
24pt>
File: Medien/RotSchwarzBaum/Einf√ºgenFixUpFall2.png Graphic file (type png)
<use Medien/RotSchwarzBaum/Einf√ºgenFixUpFall2.png>
Package pdftex.def Info: Medien/RotSchwarzBaum/Einf√ºgenFixUpFall2.png  used on
 input line 363.
(pdftex.def)             Requested size: 390.0pt x 136.5017pt.
[22]
Underfull \hbox (badness 10000) in paragraph at lines 368--370

 []

<Medien/RotSchwarzBaum/Einf√ºgenFixUpFall3.png, id=126, 2105.466pt x 1315.91624
pt>
File: Medien/RotSchwarzBaum/Einf√ºgenFixUpFall3.png Graphic file (type png)
<use Medien/RotSchwarzBaum/Einf√ºgenFixUpFall3.png>
Package pdftex.def Info: Medien/RotSchwarzBaum/Einf√ºgenFixUpFall3.png  used on
 input line 375.
(pdftex.def)             Requested size: 390.0pt x 243.74188pt.
[23 <./Medien/RotSchwarzBaum/Einf√ºgenFixUpFall2.png>] [24 <./Medien/RotSchwarz
Baum/Einf√ºgenFixUpFall3.png>]
<Medien/RotSchwarzBaum/Einf√ºgenFixUpFall4.png, id=135, 2047.04774pt x 1518.272
25pt>
File: Medien/RotSchwarzBaum/Einf√ºgenFixUpFall4.png Graphic file (type png)
<use Medien/RotSchwarzBaum/Einf√ºgenFixUpFall4.png>
Package pdftex.def Info: Medien/RotSchwarzBaum/Einf√ºgenFixUpFall4.png  used on
 input line 396.
(pdftex.def)             Requested size: 390.0pt x 289.23923pt.

Underfull \hbox (badness 10000) in paragraph at lines 392--399

 []

[25] [26 <./Medien/RotSchwarzBaum/Einf√ºgenFixUpFall4.png>]
Underfull \hbox (badness 10000) in paragraph at lines 410--411

 []


Underfull \hbox (badness 10000) in paragraph at lines 412--416

 []


Underfull \hbox (badness 10000) in paragraph at lines 431--437

 []

[27]
Underfull \hbox (badness 10000) in paragraph at lines 439--442

 []


Underfull \hbox (badness 10000) in paragraph at lines 445--447

 []

[28] [29]
Underfull \hbox (badness 10000) in paragraph at lines 503--504

 []

[30]
<Medien/DynOpt/lowerBoundTree.png, id=158, 3259.97925pt x 1093.686pt>
File: Medien/DynOpt/lowerBoundTree.png Graphic file (type png)
<use Medien/DynOpt/lowerBoundTree.png>
Package pdftex.def Info: Medien/DynOpt/lowerBoundTree.png  used on input line 5
09.
(pdftex.def)             Requested size: 390.0pt x 130.83614pt.

Overfull \hbox (46.46461pt too wide) in paragraph at lines 514--515
\T1/cmr/m/n/12 ti-on $[] []  [] [] \OML/cmm/m/it/12 U \OMS/cmsy/m/n/12 ! \U/msb
/m/n/12 N$ \T1/cmr/m/n/12 ist de-fi-niert durch $[] [] \OT1/cmr/m/n/12 = \OMS/c
msy/m/n/12 jf\OML/cmm/m/it/12 i \OMS/cmsy/m/n/12 2 \U/msb/m/n/12 N \OMS/cmsy/m/
n/12 j[]gj$\T1/cmr/m/n/12 .
 []

[31 <./Medien/DynOpt/lowerBoundTree.png>] [32]
<Medien/DynOpt/T_r_l.png, id=167, 2030.18475pt x 691.98524pt>
File: Medien/DynOpt/T_r_l.png Graphic file (type png)
<use Medien/DynOpt/T_r_l.png>
Package pdftex.def Info: Medien/DynOpt/T_r_l.png  used on input line 539.
(pdftex.def)             Requested size: 390.0pt x 132.92511pt.

Overfull \hbox (35.08855pt too wide) in paragraph at lines 544--545
\T1/cmr/m/n/12 Sei $\OML/cmm/m/it/12 K[]$ \T1/cmr/m/n/12 die Schl¸s-sel-men-ge 
von $\OML/cmm/m/it/12 T$ \T1/cmr/m/n/12 und $\OML/cmm/m/it/12 K[]$ \T1/cmr/m/n/
12 die von $\OML/cmm/m/it/12 T[]$\T1/cmr/m/n/12 . Sei $[]$.
 []


Underfull \hbox (badness 10000) in paragraph at lines 544--545

 []


Underfull \hbox (badness 10000) in paragraph at lines 546--547

 []


Overfull \hbox (24.60953pt too wide) in paragraph at lines 548--553
\T1/cmr/m/n/12 Sei $\OML/cmm/m/it/12 w$ \T1/cmr/m/n/12 der In-dex des Kno-tens 
mit der grˆˇ-ten Tie-fe in $\OML/cmm/m/it/12 v[]; ::; v[]$\T1/cmr/m/n/12 , mit 
$[]\OT1/cmr/m/n/12 (\OML/cmm/m/it/12 v[]\OT1/cmr/m/n/12 ) \OMS/cmsy/m/n/12 2  \
OML/cmm/m/it/12 K[]$\T1/cmr/m/n/12 .
 []


Underfull \hbox (badness 10000) in paragraph at lines 548--553

 []


Underfull \hbox (badness 10000) in paragraph at lines 554--555

 []

[33 <./Medien/DynOpt/T_r_l.png>]
Underfull \hbox (badness 10000) in paragraph at lines 576--578

 []

[34]
Overfull \hbox (2.58105pt too wide) in paragraph at lines 587--589
[]$ \T1/cmr/m/n/12 der lin-ke in-ne-re Pfad von $\OML/cmm/m/it/12 z$\T1/cmr/m/n
/12 . Dann ist $[][]$
 []


Underfull \hbox (badness 10000) in paragraph at lines 589--592

 []


Underfull \hbox (badness 10000) in paragraph at lines 593--595

 []

[35] [36]
Underfull \hbox (badness 10000) in paragraph at lines 626--629

 []

\c@Korollar1=\count281
[37] [38]
Overfull \hbox (20.50803pt too wide) in paragraph at lines 707--708
\T1/cmr/m/n/12 der Ope-ra-ti-on ver-ur-sach-te Ver-‰n-de-rung am Po-ten-ti-al, 
[].
 []

[39]
Underfull \hbox (badness 10000) in paragraph at lines 725--727

 []

[40] [41]
<Medien/DynOpt/upperBounds.png, id=201, 592.614pt x 811.23074pt>
File: Medien/DynOpt/upperBounds.png Graphic file (type png)
<use Medien/DynOpt/upperBounds.png>
Package pdftex.def Info: Medien/DynOpt/upperBounds.png  used on input line 775.

(pdftex.def)             Requested size: 234.00238pt x 320.32741pt.
 [42]
Overfull \hbox (17.8177pt too wide) in paragraph at lines 786--787
\T1/cmr/m/n/12 Sei $\OML/cmm/m/it/12 X \OT1/cmr/m/n/12 = \OML/cmm/m/it/12 x[]; 
x[]; :; x[]$ \T1/cmr/m/n/12 ei-ne Zu-griffs-fol-ge und sei $\OML/cmm/m/it/12 K 
\OT1/cmr/m/n/12 = \OMS/cmsy/m/n/12 f\OML/cmm/m/it/12 k \OMS/cmsy/m/n/12 2 \U/ms
b/m/n/12 N\OMS/cmsy/m/n/12 j\OML/cmm/m/it/12 k[]\OMS/cmsy/m/n/12 g$\T1/cmr/m/n/
12 .
 []

[43 <./Medien/DynOpt/upperBounds.png>]
Underfull \hbox (badness 10000) in paragraph at lines 789--791

 []

<Medien/Tango/lowerBoundTree.png, id=210, 2047.04774pt x 658.8615pt>
File: Medien/Tango/lowerBoundTree.png Graphic file (type png)
<use Medien/Tango/lowerBoundTree.png>
Package pdftex.def Info: Medien/Tango/lowerBoundTree.png  used on input line 79
8.
(pdftex.def)             Requested size: 390.0pt x 125.51674pt.
[44] [45 <./Medien/Tango/lowerBoundTree.png>] [46]
<Medien/Tango/transitionPoints.png, id=221, 1962.73276pt x 675.12225pt>
File: Medien/Tango/transitionPoints.png Graphic file (type png)
<use Medien/Tango/transitionPoints.png>
Package pdftex.def Info: Medien/Tango/transitionPoints.png  used on input line 
856.
(pdftex.def)             Requested size: 390.0pt x 134.14642pt.
 [47 <./Medien/Tango/transitionPoints.png>] [48]
<Medien/Tango/prefChilds.png, id=229, 1896.48524pt x 691.98524pt>
File: Medien/Tango/prefChilds.png Graphic file (type png)
<use Medien/Tango/prefChilds.png>
Package pdftex.def Info: Medien/Tango/prefChilds.png  used on input line 878.
(pdftex.def)             Requested size: 390.0pt x 142.30136pt.
 [49 <./Medien/Tango/prefChilds.png>]
<Medien/Tango/Hilfsb√§ume.png, id=235, 1896.48524pt x 591.4095pt>
File: Medien/Tango/Hilfsb√§ume.png Graphic file (type png)
<use Medien/Tango/Hilfsb√§ume.png>
Package pdftex.def Info: Medien/Tango/Hilfsb√§ume.png  used on input line 900.
(pdftex.def)             Requested size: 390.0pt x 121.61874pt.
 [50 <./Medien/Tango/Hilfsb√§ume.png>]
Underfull \hbox (badness 10000) in paragraph at lines 914--916

 []

<Medien/Tango/Tangobaum.png, id=240, 2345.76375pt x 970.827pt>
File: Medien/Tango/Tangobaum.png Graphic file (type png)
<use Medien/Tango/Tangobaum.png>
Package pdftex.def Info: Medien/Tango/Tangobaum.png  used on input line 924.
(pdftex.def)             Requested size: 390.0pt x 161.39426pt.
<Medien/Tango/prefChilds2.png, id=241, 1896.48524pt x 691.98524pt>
File: Medien/Tango/prefChilds2.png Graphic file (type png)
<use Medien/Tango/prefChilds2.png>
Package pdftex.def Info: Medien/Tango/prefChilds2.png  used on input line 932.
(pdftex.def)             Requested size: 390.0pt x 142.30136pt.
[51 <./Medien/Tango/Tangobaum.png>]
<Medien/Tango/Tangobaum2.png, id=246, 2345.76375pt x 1172.58075pt>
File: Medien/Tango/Tangobaum2.png Graphic file (type png)
<use Medien/Tango/Tangobaum2.png>
Package pdftex.def Info: Medien/Tango/Tangobaum2.png  used on input line 940.
(pdftex.def)             Requested size: 390.0pt x 194.93463pt.
 [52 <./Medien/Tango/prefChilds2.png> <./Medien/Tango/Tangobaum2.png>] [53]
Underfull \hbox (badness 10000) in paragraph at lines 966--967

 []

[54]
<Medien/Tango/cut.png, id=258, 1659.801pt x 2233.143pt>
File: Medien/Tango/cut.png Graphic file (type png)
<use Medien/Tango/cut.png>
Package pdftex.def Info: Medien/Tango/cut.png  used on input line 986.
(pdftex.def)             Requested size: 390.0pt x 524.72054pt.
<Medien/Tango/cut2.png, id=259, 1565.85pt x 1466.47874pt>
File: Medien/Tango/cut2.png Graphic file (type png)
<use Medien/Tango/cut2.png>
Package pdftex.def Info: Medien/Tango/cut2.png  used on input line 992.
(pdftex.def)             Requested size: 390.0pt x 365.23143pt.
 [55] [56 <./Medien/Tango/cut.png>] [57 <./Medien/Tango/cut2.png>]
<Medien/Tango/join.png, id=272, 2752.2825pt x 1441.7865pt>
File: Medien/Tango/join.png Graphic file (type png)
<use Medien/Tango/join.png>
Package pdftex.def Info: Medien/Tango/join.png  used on input line 1015.
(pdftex.def)             Requested size: 390.0pt x 204.29071pt.
<Medien/Tango/join2.png, id=273, 2498.133pt x 1433.95724pt>
File: Medien/Tango/join2.png Graphic file (type png)
<use Medien/Tango/join2.png>
Package pdftex.def Info: Medien/Tango/join2.png  used on input line 1021.
(pdftex.def)             Requested size: 390.0pt x 223.85834pt.
 [58]
[59 <./Medien/Tango/join.png> <./Medien/Tango/join2.png>]
<Medien/Tango/cutJoin.png, id=282, 1408.0605pt x 649.82774pt>
File: Medien/Tango/cutJoin.png Graphic file (type png)
<use Medien/Tango/cutJoin.png>
Package pdftex.def Info: Medien/Tango/cutJoin.png  used on input line 1041.
(pdftex.def)             Requested size: 312.00119pt x 143.98384pt.
 [60] [61 <./Medien/Tango/cutJoin.png>]
Overfull \hbox (35.86494pt too wide) in paragraph at lines 1074--1075
\T1/cmr/m/it/12 ren ei-ner Zu-griffs-fol-ge $\OML/cmm/m/it/12 X \OT1/cmr/m/n/12
 = \OML/cmm/m/it/12 x[]; x[]; ::; x[]$ \T1/cmr/m/it/12 gilt $\OML/cmm/m/it/12 O
 []$ 
 []

[62]
Overfull \hbox (17.09158pt too wide) in paragraph at lines 1084--1084
[]\T1/cmr/bx/n/14.4 Tango Baum kon-for-mes Ver-ei-ni-gen beim Rot-Schwarz-
 []

<Medien/RotSchwarzBaum/vereinigen.png, id=294, 990.099pt x 1138.85475pt>
File: Medien/RotSchwarzBaum/vereinigen.png Graphic file (type png)
<use Medien/RotSchwarzBaum/vereinigen.png>
Package pdftex.def Info: Medien/RotSchwarzBaum/vereinigen.png  used on input li
ne 1088.
(pdftex.def)             Requested size: 203.42484pt x 234.00238pt.
<Medien/RotSchwarzBaum/vereinigen2.png, id=295, 1059.96pt x 1059.96pt>
File: Medien/RotSchwarzBaum/vereinigen2.png Graphic file (type png)
<use Medien/RotSchwarzBaum/vereinigen2.png>
Package pdftex.def Info: Medien/RotSchwarzBaum/vereinigen2.png  used on input l
ine 1094.
(pdftex.def)             Requested size: 234.0006pt x 234.00238pt.
[63 <./Medien/RotSchwarzBaum/vereinigen.png>] [64 <./Medien/RotSchwarzBaum/vere
inigen2.png>]
Overfull \hbox (2.55995pt too wide) in paragraph at lines 1121--1126
\T1/cmr/m/it/12 insertFixup \T1/cmr/m/n/12 ein-ge-gan-gen. Sei $\OML/cmm/m/it/1
2 w$ \T1/cmr/m/n/12 die Wur-zel des ver-ei-nig-ten BST nach [].
 []

[65]
Overfull \hbox (7.86269pt too wide) in paragraph at lines 1127--1127
[]\T1/cmr/bx/n/14.4 Tango Baum kon-for-mes Auf-tei-len beim Rot-Schwarz-
 []

[66]
Underfull \hbox (badness 10000) in paragraph at lines 1141--1142

 []

[67]
Underfull \hbox (badness 10000) in paragraph at lines 1150--1153

 []


Underfull \hbox (badness 10000) in paragraph at lines 1154--1156

 []


Underfull \hbox (badness 10000) in paragraph at lines 1157--1159

 []

[68]
<Medien/RotSchwarzBaum/aufteilen.png, id=317, 1930.21124pt x 1853.12325pt>
File: Medien/RotSchwarzBaum/aufteilen.png Graphic file (type png)
<use Medien/RotSchwarzBaum/aufteilen.png>
Package pdftex.def Info: Medien/RotSchwarzBaum/aufteilen.png  used on input lin
e 1185.
(pdftex.def)             Requested size: 312.00119pt x 299.53134pt.
 [69 <./Medien/RotSchwarzBaum/aufteilen.png>]
<Medien/Splaybaum/zigZag.png, id=322, 4129.62825pt x 2044.0365pt>
File: Medien/Splaybaum/zigZag.png Graphic file (type png)
<use Medien/Splaybaum/zigZag.png>
Package pdftex.def Info: Medien/Splaybaum/zigZag.png  used on input line 1221.
(pdftex.def)             Requested size: 467.99881pt x 231.64401pt.

Overfull \hbox (77.99881pt too wide) in paragraph at lines 1221--1222
 [][] 
 []

<Medien/Splaybaum/splay.png, id=323, 673.91776pt x 417.9615pt>
File: Medien/Splaybaum/splay.png Graphic file (type png)
<use Medien/Splaybaum/splay.png>
Package pdftex.def Info: Medien/Splaybaum/splay.png  used on input line 1227.
(pdftex.def)             Requested size: 390.0pt x 241.87575pt.
[70] [71 <./Medien/Splaybaum/zigZag.png> <./Medien/Splaybaum/splay.png>]
\c@Lemma1=\count282

Underfull \hbox (badness 10000) in paragraph at lines 1244--1245

 []


Overfull \hbox (52.98946pt too wide) detected at line 1263
[]
 []

[72]
Overfull \hbox (43.84796pt too wide) in paragraph at lines 1270--1272
\T1/cmr/m/n/12 Daraus folgt $[] [] \OT1/cmr/m/n/12 = [] [] + [] [] + \OML/cmm/m
/it/12 w []$ \T1/cmr/m/n/12 und dar-aus []
 []


Overfull \hbox (54.17792pt too wide) detected at line 1277
[]
 []


Underfull \hbox (badness 10000) in paragraph at lines 1290--1291

 []

[73]
\c@Satz2=\count283
 [74]
<Medien/Zipper/zipperPathRep.png, id=343, 1221.96526pt x 849.77475pt>
File: Medien/Zipper/zipperPathRep.png Graphic file (type png)
<use Medien/Zipper/zipperPathRep.png>
Package pdftex.def Info: Medien/Zipper/zipperPathRep.png  used on input line 13
21.
(pdftex.def)             Requested size: 312.00119pt x 216.96848pt.
 [75]
<Medien/Zipper/preferredPathZigZag.png, id=347, 1714.60574pt x 2399.364pt>
File: Medien/Zipper/preferredPathZigZag.png Graphic file (type png)
<use Medien/Zipper/preferredPathZigZag.png>
Package pdftex.def Info: Medien/Zipper/preferredPathZigZag.png  used on input l
ine 1327.
(pdftex.def)             Requested size: 195.06941pt x 272.99881pt.
 [76 <./Medien/Zipper/zipperPathRep.png>] [77 <./Medien/Zipper/preferredPathZig
Zag.png>]
<Medien/Zipper/hybrid/extractHybrid.png, id=356, 2365.03575pt x 1311.09825pt>
File: Medien/Zipper/hybrid/extractHybrid.png Graphic file (type png)
<use Medien/Zipper/hybrid/extractHybrid.png>
Package pdftex.def Info: Medien/Zipper/hybrid/extractHybrid.png  used on input 
line 1340.
(pdftex.def)             Requested size: 351.7448pt x 195.0pt.
<Medien/Multisplay/referenzTree.png, id=357, 1300.86pt x 670.30424pt>
File: Medien/Multisplay/referenzTree.png Graphic file (type png)
<use Medien/Multisplay/referenzTree.png>
Package pdftex.def Info: Medien/Multisplay/referenzTree.png  used on input line
 1348.
(pdftex.def)             Requested size: 312.00119pt x 160.7638pt.
<Medien/Multisplay/pfadRepresentation.png, id=358, 2766.7365pt x 1043.69925pt>
File: Medien/Multisplay/pfadRepresentation.png Graphic file (type png)
<use Medien/Multisplay/pfadRepresentation.png>
Package pdftex.def Info: Medien/Multisplay/pfadRepresentation.png  used on inpu
t line 1354.
(pdftex.def)             Requested size: 390.0pt x 147.12021pt.
 [78 <./Medien/Zipper/hybrid/extractHybrid.png>]
Underfull \hbox (badness 10000) in paragraph at lines 1359--1360

 []

<Medien/laufzeittest/MainGUI.png, id=363, 1156.32pt x 620.91975pt>
File: Medien/laufzeittest/MainGUI.png Graphic file (type png)
<use Medien/laufzeittest/MainGUI.png>
Package pdftex.def Info: Medien/laufzeittest/MainGUI.png  used on input line 13
66.
(pdftex.def)             Requested size: 390.0pt x 209.41399pt.
[79 <./Medien/Multisplay/referenzTree.png> <./Medien/Multisplay/pfadRepresentat
ion.png>]
<Medien/laufzeittest/accessGUI.png, id=370, 112.0185pt x 56.00925pt>
File: Medien/laufzeittest/accessGUI.png Graphic file (type png)
<use Medien/laufzeittest/accessGUI.png>
Package pdftex.def Info: Medien/laufzeittest/accessGUI.png  used on input line 
1376.
(pdftex.def)             Requested size: 117.00119pt x 58.50119pt.
 [80 <./Medien/laufzeittest/MainGUI.png> <./Medien/laufzeittest/accessGUI.png>]
<Medien/laufzeittest/RuntimeGui.png, id=376, 381.22424pt x 208.98074pt>
File: Medien/laufzeittest/RuntimeGui.png Graphic file (type png)
<use Medien/laufzeittest/RuntimeGui.png>
Package pdftex.def Info: Medien/laufzeittest/RuntimeGui.png  used on input line
 1384.
(pdftex.def)             Requested size: 390.0pt x 213.7921pt.
<Medien/laufzeittest/ResultGUI.png, id=377, 231.86626pt x 116.23425pt>
File: Medien/laufzeittest/ResultGUI.png Graphic file (type png)
<use Medien/laufzeittest/ResultGUI.png>
Package pdftex.def Info: Medien/laufzeittest/ResultGUI.png  used on input line 
1394.
(pdftex.def)             Requested size: 155.99762pt x 78.20287pt.
<Medien/laufzeittest/klassen.png, id=378, 1612.22325pt x 1394.811pt>
File: Medien/laufzeittest/klassen.png Graphic file (type png)
<use Medien/laufzeittest/klassen.png>
Package pdftex.def Info: Medien/laufzeittest/klassen.png  used on input line 14
02.
(pdftex.def)             Requested size: 390.0pt x 337.40059pt.
 [81 <./Medien/laufzeittest/RuntimeGui.png> <./Medien/laufzeittest/ResultGUI.pn
g>] [82 <./Medien/laufzeittest/klassen.png>]
<Medien/laufzeittest/optionSpeicher.png, id=388, 483.0045pt x 355.92975pt>
File: Medien/laufzeittest/optionSpeicher.png Graphic file (type png)
<use Medien/laufzeittest/optionSpeicher.png>
Package pdftex.def Info: Medien/laufzeittest/optionSpeicher.png  used on input 
line 1428.
(pdftex.def)             Requested size: 390.0pt x 287.39453pt.
 [83]
Overfull \hbox (4.03687pt too wide) in paragraph at lines 1434--1434
[]\T1/cmr/bx/n/17.28 Laufzeitvergleiche zwi-schen dem Tan-go Baum
 []


Underfull \hbox (badness 10000) in paragraph at lines 1436--1437

 []

[84 <./Medien/laufzeittest/optionSpeicher.png>] [85]
<Medien/laufzeittest/diagramm/randomaccess.png, id=400, 433.62pt x 289.08pt>
File: Medien/laufzeittest/diagramm/randomaccess.png Graphic file (type png)
<use Medien/laufzeittest/diagramm/randomaccess.png>
Package pdftex.def Info: Medien/laufzeittest/diagramm/randomaccess.png  used on
 input line 1469.
(pdftex.def)             Requested size: 272.99881pt x 182.00667pt.
 [86 <./Medien/laufzeittest/diagramm/randomaccess.png>]
File: Medien/laufzeittest/diagramm/randomaccess.png Graphic file (type png)
<use Medien/laufzeittest/diagramm/randomaccess.png>
Package pdftex.def Info: Medien/laufzeittest/diagramm/randomaccess.png  used on
 input line 1498.
(pdftex.def)             Requested size: 272.99881pt x 182.00667pt.
 [87]
File: Medien/laufzeittest/diagramm/randomaccess.png Graphic file (type png)
<use Medien/laufzeittest/diagramm/randomaccess.png>
Package pdftex.def Info: Medien/laufzeittest/diagramm/randomaccess.png  used on
 input line 1528.
(pdftex.def)             Requested size: 272.99881pt x 182.00667pt.
 [88] [89]
<Medien/laufzeittest/diagramm/nT.png, id=414, 433.62pt x 289.08pt>
File: Medien/laufzeittest/diagramm/nT.png Graphic file (type png)
<use Medien/laufzeittest/diagramm/nT.png>
Package pdftex.def Info: Medien/laufzeittest/diagramm/nT.png  used on input lin
e 1583.
(pdftex.def)             Requested size: 272.99881pt x 182.00667pt.
<Medien/laufzeittest/diagramm/brp.png, id=415, 433.62pt x 289.08pt>
File: Medien/laufzeittest/diagramm/brp.png Graphic file (type png)
<use Medien/laufzeittest/diagramm/brp.png>
Package pdftex.def Info: Medien/laufzeittest/diagramm/brp.png  used on input li
ne 1592.
(pdftex.def)             Requested size: 272.99881pt x 182.00667pt.
 [90 <./Medien/laufzeittest/diagramm/nT.png>]
Underfull \hbox (badness 10000) in paragraph at lines 1622--1623

 []

<Medien/laufzeittest/diagramm/staticfinger1.png, id=420, 433.62pt x 289.08pt>
File: Medien/laufzeittest/diagramm/staticfinger1.png Graphic file (type png)
<use Medien/laufzeittest/diagramm/staticfinger1.png>
Package pdftex.def Info: Medien/laufzeittest/diagramm/staticfinger1.png  used o
n input line 1631.
(pdftex.def)             Requested size: 272.99881pt x 182.00667pt.

Underfull \hbox (badness 10000) in paragraph at lines 1628--1633

 []

[91 <./Medien/laufzeittest/diagramm/brp.png>]
<Medien/laufzeittest/diagramm/staticfinger3.png, id=426, 433.62pt x 289.08pt>
File: Medien/laufzeittest/diagramm/staticfinger3.png Graphic file (type png)
<use Medien/laufzeittest/diagramm/staticfinger3.png>
Package pdftex.def Info: Medien/laufzeittest/diagramm/staticfinger3.png  used o
n input line 1657.
(pdftex.def)             Requested size: 272.99881pt x 182.00667pt.
 [92 <./Medien/laufzeittest/diagramm/staticfinger1.png>]
Underfull \hbox (badness 10000) in paragraph at lines 1680--1683

 []

<Medien/laufzeittest/diagramm/staticfinger4.png, id=431, 433.62pt x 289.08pt>
File: Medien/laufzeittest/diagramm/staticfinger4.png Graphic file (type png)
<use Medien/laufzeittest/diagramm/staticfinger4.png>
Package pdftex.def Info: Medien/laufzeittest/diagramm/staticfinger4.png  used o
n input line 1687.
(pdftex.def)             Requested size: 272.99881pt x 182.00667pt.
[93 <./Medien/laufzeittest/diagramm/staticfinger3.png>]
<Medien/laufzeittest/diagramm/dynamicfinger.png, id=436, 433.62pt x 289.08pt>
File: Medien/laufzeittest/diagramm/dynamicfinger.png Graphic file (type png)
<use Medien/laufzeittest/diagramm/dynamicfinger.png>
Package pdftex.def Info: Medien/laufzeittest/diagramm/dynamicfinger.png  used o
n input line 1724.
(pdftex.def)             Requested size: 272.99881pt x 182.00667pt.
 [94 <./Medien/laufzeittest/diagramm/staticfinger4.png>]
<Medien/laufzeittest/diagramm/dynamicfingerNfest.png, id=441, 433.62pt x 289.08
pt>
File: Medien/laufzeittest/diagramm/dynamicfingerNfest.png Graphic file (type pn
g)
<use Medien/laufzeittest/diagramm/dynamicfingerNfest.png>
Package pdftex.def Info: Medien/laufzeittest/diagramm/dynamicfingerNfest.png  u
sed on input line 1756.
(pdftex.def)             Requested size: 272.99881pt x 182.00667pt.
 [95 <./Medien/laufzeittest/diagramm/dynamicfinger.png>] [96 <./Medien/laufzeit
test/diagramm/dynamicfingerNfest.png>]
<Medien/laufzeittest/diagramm/workingset.png, id=450, 433.62pt x 289.08pt>
File: Medien/laufzeittest/diagramm/workingset.png Graphic file (type png)
<use Medien/laufzeittest/diagramm/workingset.png>
Package pdftex.def Info: Medien/laufzeittest/diagramm/workingset.png  used on i
nput line 1796.
(pdftex.def)             Requested size: 272.99881pt x 182.00667pt.
 [97 <./Medien/laufzeittest/diagramm/workingset.png>]
Underfull \hbox (badness 10000) in paragraph at lines 1819--1820

 []

<Medien/laufzeittest/diagramm/workingset2.png, id=456, 433.62pt x 289.08pt>
File: Medien/laufzeittest/diagramm/workingset2.png Graphic file (type png)
<use Medien/laufzeittest/diagramm/workingset2.png>
Package pdftex.def Info: Medien/laufzeittest/diagramm/workingset2.png  used on 
input line 1825.
(pdftex.def)             Requested size: 272.99881pt x 182.00667pt.
[98] [99 <./Medien/laufzeittest/diagramm/workingset2.png>]
<Medien/laufzeittest/diagramm/kleinGros.png, id=464, 433.62pt x 289.08pt>
File: Medien/laufzeittest/diagramm/kleinGros.png Graphic file (type png)
<use Medien/laufzeittest/diagramm/kleinGros.png>
Package pdftex.def Info: Medien/laufzeittest/diagramm/kleinGros.png  used on in
put line 1864.
(pdftex.def)             Requested size: 272.99881pt x 182.00667pt.
 [100 <./Medien/laufzeittest/diagramm/kleinGros.png>]
<Medien/laufzeittest/diagramm/sorted1.png, id=469, 433.62pt x 289.08pt>
File: Medien/laufzeittest/diagramm/sorted1.png Graphic file (type png)
<use Medien/laufzeittest/diagramm/sorted1.png>
Package pdftex.def Info: Medien/laufzeittest/diagramm/sorted1.png  used on inpu
t line 1899.
(pdftex.def)             Requested size: 272.99881pt x 182.00667pt.
 [101 <./Medien/laufzeittest/diagramm/sorted1.png>]
Underfull \hbox (badness 10000) in paragraph at lines 1928--1929

 []

<Medien/laufzeittest/diagramm/sorted2.png, id=474, 433.62pt x 289.08pt>
File: Medien/laufzeittest/diagramm/sorted2.png Graphic file (type png)
<use Medien/laufzeittest/diagramm/sorted2.png>
Package pdftex.def Info: Medien/laufzeittest/diagramm/sorted2.png  used on inpu
t line 1937.
(pdftex.def)             Requested size: 272.99881pt x 182.00667pt.
<Medien/laufzeittest/diagramm/sorted3.png, id=475, 433.62pt x 289.08pt>
File: Medien/laufzeittest/diagramm/sorted3.png Graphic file (type png)
<use Medien/laufzeittest/diagramm/sorted3.png>
Package pdftex.def Info: Medien/laufzeittest/diagramm/sorted3.png  used on inpu
t line 1973.
(pdftex.def)             Requested size: 272.99881pt x 182.00667pt.
[102 <./Medien/laufzeittest/diagramm/sorted2.png>]
<anhang.pdf, id=480, 597.50829pt x 845.0471pt>
File: anhang.pdf Graphic file (type pdf)
<use anhang.pdf>
Package pdftex.def Info: anhang.pdf  used on input line 2002.
(pdftex.def)             Requested size: 597.50682pt x 845.04504pt.
File: anhang.pdf Graphic file (type pdf)
<use anhang.pdf>
Package pdftex.def Info: anhang.pdf  used on input line 2002.
(pdftex.def)             Requested size: 597.50682pt x 845.04504pt.
<anhang.pdf, id=483, page=1, 597.50829pt x 845.0471pt>
File: anhang.pdf Graphic file (type pdf)
<use anhang.pdf, page 1>
Package pdftex.def Info: anhang.pdf , page1 used on input line 2002.
(pdftex.def)             Requested size: 597.50682pt x 845.04504pt.
File: anhang.pdf Graphic file (type pdf)
<use anhang.pdf, page 1>
Package pdftex.def Info: anhang.pdf , page1 used on input line 2002.
(pdftex.def)             Requested size: 597.53416pt x 845.08372pt.
 [103 <./Medien/laufzeittest/diagramm/sorted3.png>]
File: anhang.pdf Graphic file (type pdf)
<use anhang.pdf, page 1>
Package pdftex.def Info: anhang.pdf , page1 used on input line 2002.
(pdftex.def)             Requested size: 597.53416pt x 845.08372pt.
File: anhang.pdf Graphic file (type pdf)
<use anhang.pdf, page 1>
Package pdftex.def Info: anhang.pdf , page1 used on input line 2002.
(pdftex.def)             Requested size: 597.53416pt x 845.08372pt.
File: anhang.pdf Graphic file (type pdf)
<use anhang.pdf, page 1>
Package pdftex.def Info: anhang.pdf , page1 used on input line 2002.
(pdftex.def)             Requested size: 597.53416pt x 845.08372pt.
 [104 <./anhang.pdf>]
<anhang.pdf, id=519, page=2, 597.50829pt x 845.0471pt>
File: anhang.pdf Graphic file (type pdf)
<use anhang.pdf, page 2>
Package pdftex.def Info: anhang.pdf , page2 used on input line 2002.
(pdftex.def)             Requested size: 597.53416pt x 845.08372pt.
File: anhang.pdf Graphic file (type pdf)
<use anhang.pdf, page 2>
Package pdftex.def Info: anhang.pdf , page2 used on input line 2002.
(pdftex.def)             Requested size: 597.53416pt x 845.08372pt.
File: anhang.pdf Graphic file (type pdf)
<use anhang.pdf, page 2>
Package pdftex.def Info: anhang.pdf , page2 used on input line 2002.
(pdftex.def)             Requested size: 597.53416pt x 845.08372pt.
 [105 <./anhang.pdf>] [106]
(Bachelorarbeit.lof [107]
Overfull \hbox (20.04707pt too wide) in paragraph at lines 35--35
 [][] []\T1/cmr/m/n/12 Beispielhaftes \T1/cmr/m/it/12 con-ca-te-n-a-te \T1/cmr/
m/n/12 zwei-er RBTs un-ter-schied-li-cher Schwarz- 
 []


Overfull \hbox (2.68329pt too wide) in paragraph at lines 36--36
 [][] []\T1/cmr/m/n/12 Beispielhaftes \T1/cmr/m/it/12 con-ca-te-n-a-te \T1/cmr/
m/n/12 zwei-er RBTs glei-cher Schwarz-Hˆhe, 
 []


Overfull \hbox (8.057pt too wide) in paragraph at lines 59--59
 [][] []\T1/cmr/m/n/12 Diagramm zum Lauf-zeit-test zu Dy-na-mic Fin-ger mit [] 
[][]  
 []

[108])
\tf@lof=\write4
\openout4 = `Bachelorarbeit.lof'.

 [109]
Underfull \hbox (badness 10000) in paragraph at lines 2013--2020

 []


Underfull \hbox (badness 10000) in paragraph at lines 2022--2023

 []

[110] (Bachelorarbeit.bbl) [111] (Bachelorarbeit.aux)

LaTeX Warning: There were multiply-defined labels.

 ) 
Here is how much of TeX's memory you used:
 8426 strings out of 480797
 134099 string characters out of 2905362
 397296 words of memory out of 3000000
 24202 multiletter control sequences out of 15000+200000
 553884 words of font info for 74 fonts, out of 3000000 for 9000
 1141 hyphenation exceptions out of 8191
 40i,18n,46p,2858b,436s stack positions out of 5000i,500n,10000p,200000b,50000s
 <C:\Users\andre\AppData\Local\MiKTeX\2.9\fonts/pk/ljfour/jknappen/ec/dpi600\
ecrm1728.pk> <C:\Users\andre\AppData\Local\MiKTeX\2.9\fonts/pk/ljfour/jknappen/
ec/dpi600\ecbi1200.pk> <C:\Users\andre\AppData\Local\MiKTeX\2.9\fonts/pk/ljfour
/jknappen/ec/dpi600\tcrm1200.pk> <C:\Users\andre\AppData\Local\MiKTeX\2.9\fonts
/pk/ljfour/jknappen/ec/dpi600\ecti1095.pk> <C:\Users\andre\AppData\Local\MiKTeX
\2.9\fonts/pk/ljfour/jknappen/ec/dpi600\ecbi1440.pk> <C:\Users\andre\AppData\Lo
cal\MiKTeX\2.9\fonts/pk/ljfour/jknappen/ec/dpi600\ecrm1095.pk> <C:\Users\andre\
AppData\Local\MiKTeX\2.9\fonts/pk/ljfour/jknappen/ec/dpi600\ecbx1095.pk> <C:\Us
ers\andre\AppData\Local\MiKTeX\2.9\fonts/pk/ljfour/jknappen/ec/dpi600\ecbx1440.
pk> <C:\Users\andre\AppData\Local\MiKTeX\2.9\fonts/pk/ljfour/jknappen/ec/dpi600
\ecbx1728.pk> <C:\Users\andre\AppData\Local\MiKTeX\2.9\fonts/pk/ljfour/jknappen
/ec/dpi600\ecti1200.pk> <C:\Users\andre\AppData\Local\MiKTeX\2.9\fonts/pk/ljfou
r/jknappen/ec/dpi600\ecbx1200.pk> <C:\Users\andre\AppData\Local\MiKTeX\2.9\font
s/pk/ljfour/jknappen/ec/dpi600\ecrm1200.pk> <C:\Users\andre\AppData\Local\MiKTe
X\2.9\fonts/pk/ljfour/jknappen/ec/dpi600\ecrm1440.pk> <C:\Users\andre\AppData\L
ocal\MiKTeX\2.9\fonts/pk/ljfour/jknappen/ec/dpi600\ecrm2074.pk><C:/Program File
s/MiKTeX 2.9/fonts/type1/public/amsfonts/cm/cmex10.pfb><C:/Program Files/MiKTeX
 2.9/fonts/type1/public/amsfonts/cm/cmmi10.pfb><C:/Program Files/MiKTeX 2.9/fon
ts/type1/public/amsfonts/cm/cmmi12.pfb><C:/Program Files/MiKTeX 2.9/fonts/type1
/public/amsfonts/cm/cmmi6.pfb><C:/Program Files/MiKTeX 2.9/fonts/type1/public/a
msfonts/cm/cmmi8.pfb><C:/Program Files/MiKTeX 2.9/fonts/type1/public/amsfonts/c
m/cmr10.pfb><C:/Program Files/MiKTeX 2.9/fonts/type1/public/amsfonts/cm/cmr12.p
fb><C:/Program Files/MiKTeX 2.9/fonts/type1/public/amsfonts/cm/cmr6.pfb><C:/Pro
gram Files/MiKTeX 2.9/fonts/type1/public/amsfonts/cm/cmr8.pfb><C:/Program Files
/MiKTeX 2.9/fonts/type1/public/amsfonts/cm/cmsy10.pfb><C:/Program Files/MiKTeX 
2.9/fonts/type1/public/amsfonts/cm/cmsy6.pfb><C:/Program Files/MiKTeX 2.9/fonts
/type1/public/amsfonts/cm/cmsy8.pfb><C:/Program Files/MiKTeX 2.9/fonts/type1/pu
blic/amsfonts/cm/cmti12.pfb><C:/Program Files/MiKTeX 2.9/fonts/type1/public/ams
fonts/cm/cmti8.pfb><C:/Program Files/MiKTeX 2.9/fonts/type1/public/amsfonts/sym
bols/msbm10.pfb>
Output written on Bachelorarbeit.pdf (111 pages, 8863875 bytes).
PDF statistics:
 1136 PDF objects out of 1200 (max. 8388607)
 0 named destinations out of 1000 (max. 500000)
 346 words of extra memory for PDF output out of 10000 (max. 10000000)

