This is pdfTeX, Version 3.14159265-2.6-1.40.21 (MiKTeX 2.9.7440 64-bit) (preloaded format=pdflatex 2020.6.8)  13 JUL 2020 17:10
entering extended mode
**"./bin√§re Suchb√§ume.tex"
("bin√§re Suchb√§ume.tex"
LaTeX2e <2020-02-02> patch level 5
L3 programming layer <2020-06-03>
("C:\Program Files\MiKTeX 2.9\tex/latex/base\article.cls"
Document Class: article 2019/12/20 v1.4l Standard LaTeX document class
("C:\Program Files\MiKTeX 2.9\tex/latex/base\size12.clo"
File: size12.clo 2019/12/20 v1.4l Standard LaTeX file (size option)
)
\c@part=\count167
\c@section=\count168
\c@subsection=\count169
\c@subsubsection=\count170
\c@paragraph=\count171
\c@subparagraph=\count172
\c@figure=\count173
\c@table=\count174
\abovecaptionskip=\skip47
\belowcaptionskip=\skip48
\bibindent=\dimen134
)
("C:\Program Files\MiKTeX 2.9\tex/latex/base\inputenc.sty"
Package: inputenc 2018/08/11 v1.3c Input encoding file
\inpenc@prehook=\toks15
\inpenc@posthook=\toks16
)
("C:\Program Files\MiKTeX 2.9\tex/generic/babel\babel.sty"
Package: babel 2020/05/13 3.44 The Babel package

("C:\Program Files\MiKTeX 2.9\tex/generic/babel\babel.def"
File: babel.def 2020/05/13 3.44 Babel common definitions
\babel@savecnt=\count175
\U@D=\dimen135
\l@babelnohyphens=\language79

("C:\Program Files\MiKTeX 2.9\tex/generic/babel\txtbabel.def")
\bbl@readstream=\read2
)
\bbl@dirlevel=\count176

*************************************
* Local config file bblopts.cfg used
*
("C:\Program Files\MiKTeX 2.9\tex/latex/arabi\bblopts.cfg"
File: bblopts.cfg 2005/09/08 v0.1 add Arabic and Farsi to "declared" options of
 babel
)
(C:\Users\andre\AppData\Roaming\MiKTeX\2.9\tex/latex/babel-german\ngerman.ldf
Language: ngerman 2018/12/08 v2.11 German support for babel (post-1996 orthogra
phy)

(C:\Users\andre\AppData\Roaming\MiKTeX\2.9\tex/latex/babel-german\ngermanb.ldf
Language: ngermanb 2018/12/08 v2.11 German support for babel (post-1996 orthogr
aphy)
Package babel Info: Making " an active character on input line 121.
)) (C:\Users\andre\AppData\Roaming\MiKTeX\2.9\tex/latex/babel-german\german.ldf
Language: german 2018/12/08 v2.11 German support for babel (pre-1996 orthograph
y)

(C:\Users\andre\AppData\Roaming\MiKTeX\2.9\tex/latex/babel-german\germanb.ldf
Language: germanb 2018/12/08 v2.11 German support for babel (pre-1996 orthograp
hy)
))) ("C:\Program Files\MiKTeX 2.9\tex/latex/base\fontenc.sty"
Package: fontenc 2020/02/11 v2.0o Standard LaTeX package
)
(C:\Users\andre\AppData\Roaming\MiKTeX\2.9\tex/latex/psnfss\courier.sty
Package: courier 2020/03/25 PSNFSS-v9.3 (WaS) 
)
(C:\Users\andre\AppData\Roaming\MiKTeX\2.9\tex/latex/float\float.sty
Package: float 2001/11/08 v1.3d Float enhancements (AL)
\c@float@type=\count177
\float@exts=\toks17
\float@box=\box45
\@float@everytoks=\toks18
\@floatcapt=\box46
)
("C:\Program Files\MiKTeX 2.9\tex/latex/amsmath\amsmath.sty"
Package: amsmath 2020/01/20 v2.17e AMS math features
\@mathmargin=\skip49

For additional information on amsmath, use the `?' option.
("C:\Program Files\MiKTeX 2.9\tex/latex/amsmath\amstext.sty"
Package: amstext 2000/06/29 v2.01 AMS text

("C:\Program Files\MiKTeX 2.9\tex/latex/amsmath\amsgen.sty"
File: amsgen.sty 1999/11/30 v2.0 generic functions
\@emptytoks=\toks19
\ex@=\dimen136
))
("C:\Program Files\MiKTeX 2.9\tex/latex/amsmath\amsbsy.sty"
Package: amsbsy 1999/11/29 v1.2d Bold Symbols
\pmbraise@=\dimen137
)
("C:\Program Files\MiKTeX 2.9\tex/latex/amsmath\amsopn.sty"
Package: amsopn 2016/03/08 v2.02 operator names
)
\inf@bad=\count178
LaTeX Info: Redefining \frac on input line 227.
\uproot@=\count179
\leftroot@=\count180
LaTeX Info: Redefining \overline on input line 389.
\classnum@=\count181
\DOTSCASE@=\count182
LaTeX Info: Redefining \ldots on input line 486.
LaTeX Info: Redefining \dots on input line 489.
LaTeX Info: Redefining \cdots on input line 610.
\Mathstrutbox@=\box47
\strutbox@=\box48
\big@size=\dimen138
LaTeX Font Info:    Redeclaring font encoding OML on input line 733.
LaTeX Font Info:    Redeclaring font encoding OMS on input line 734.
\macc@depth=\count183
\c@MaxMatrixCols=\count184
\dotsspace@=\muskip16
\c@parentequation=\count185
\dspbrk@lvl=\count186
\tag@help=\toks20
\row@=\count187
\column@=\count188
\maxfields@=\count189
\andhelp@=\toks21
\eqnshift@=\dimen139
\alignsep@=\dimen140
\tagshift@=\dimen141
\tagwidth@=\dimen142
\totwidth@=\dimen143
\lineht@=\dimen144
\@envbody=\toks22
\multlinegap=\skip50
\multlinetaggap=\skip51
\mathdisplay@stack=\toks23
LaTeX Info: Redefining \[ on input line 2859.
LaTeX Info: Redefining \] on input line 2860.
)
(C:\Users\andre\AppData\Roaming\MiKTeX\2.9\tex/latex/amscls\amsthm.sty
Package: amsthm 2020/05/29 v2.20.6
\thm@style=\toks24
\thm@bodyfont=\toks25
\thm@headfont=\toks26
\thm@notefont=\toks27
\thm@headpunct=\toks28
\thm@preskip=\skip52
\thm@postskip=\skip53
\thm@headsep=\skip54
\dth@everypar=\toks29
)
("C:\Program Files\MiKTeX 2.9\tex/latex/amsfonts\amssymb.sty"
Package: amssymb 2013/01/14 v3.01 AMS font symbols

("C:\Program Files\MiKTeX 2.9\tex/latex/amsfonts\amsfonts.sty"
Package: amsfonts 2013/01/14 v3.01 Basic AMSFonts support
\symAMSa=\mathgroup4
\symAMSb=\mathgroup5
LaTeX Font Info:    Redeclaring math symbol \hbar on input line 98.
LaTeX Font Info:    Overwriting math alphabet `\mathfrak' in version `bold'
(Font)                  U/euf/m/n --> U/euf/b/n on input line 106.
))
(C:\Users\andre\AppData\Roaming\MiKTeX\2.9\tex/latex/mathtools\mathtools.sty
Package: mathtools 2020/03/24 v1.24 mathematical typesetting tools

("C:\Program Files\MiKTeX 2.9\tex/latex/graphics\keyval.sty"
Package: keyval 2014/10/28 v1.15 key=value parser (DPC)
\KV@toks@=\toks30
)
("C:\Program Files\MiKTeX 2.9\tex/latex/tools\calc.sty"
Package: calc 2017/05/25 v4.3 Infix arithmetic (KKT,FJ)
\calc@Acount=\count190
\calc@Bcount=\count191
\calc@Adimen=\dimen145
\calc@Bdimen=\dimen146
\calc@Askip=\skip55
\calc@Bskip=\skip56
LaTeX Info: Redefining \setlength on input line 80.
LaTeX Info: Redefining \addtolength on input line 81.
\calc@Ccount=\count192
\calc@Cskip=\skip57
)
(C:\Users\andre\AppData\Roaming\MiKTeX\2.9\tex/latex/mathtools\mhsetup.sty
Package: mhsetup 2017/03/31 v1.3 programming setup (MH)
)
LaTeX Info: Thecontrolsequence`\('isalreadyrobust on input line 130.
LaTeX Info: Thecontrolsequence`\)'isalreadyrobust on input line 130.
LaTeX Info: Thecontrolsequence`\['isalreadyrobust on input line 130.
LaTeX Info: Thecontrolsequence`\]'isalreadyrobust on input line 130.
\g_MT_multlinerow_int=\count193
\l_MT_multwidth_dim=\dimen147
\origjot=\skip58
\l_MT_shortvdotswithinadjustabove_dim=\dimen148
\l_MT_shortvdotswithinadjustbelow_dim=\dimen149
\l_MT_above_intertext_sep=\dimen150
\l_MT_below_intertext_sep=\dimen151
\l_MT_above_shortintertext_sep=\dimen152
\l_MT_below_shortintertext_sep=\dimen153
\xmathstrut@box=\box49
\xmathstrut@dim=\dimen154
)
("C:\Program Files\MiKTeX 2.9\tex/latex/tools\tabularx.sty"
Package: tabularx 2020/01/15 v2.11c `tabularx' package (DPC)

("C:\Program Files\MiKTeX 2.9\tex/latex/tools\array.sty"
Package: array 2019/08/31 v2.4l Tabular extension package (FMi)
\col@sep=\dimen155
\ar@mcellbox=\box50
\extrarowheight=\dimen156
\NC@list=\toks31
\extratabsurround=\skip59
\backup@length=\skip60
\ar@cellbox=\box51
)
\TX@col@width=\dimen157
\TX@old@table=\dimen158
\TX@old@col=\dimen159
\TX@target=\dimen160
\TX@delta=\dimen161
\TX@cols=\count194
\TX@ftn=\toks32
)
("C:\Program Files\MiKTeX 2.9\tex/latex/graphics\graphicx.sty"
Package: graphicx 2019/11/30 v1.2a Enhanced LaTeX Graphics (DPC,SPQR)

("C:\Program Files\MiKTeX 2.9\tex/latex/graphics\graphics.sty"
Package: graphics 2019/11/30 v1.4a Standard LaTeX Graphics (DPC,SPQR)

("C:\Program Files\MiKTeX 2.9\tex/latex/graphics\trig.sty"
Package: trig 2016/01/03 v1.10 sin cos tan (DPC)
)
("C:\Program Files\MiKTeX 2.9\tex/latex/graphics-cfg\graphics.cfg"
File: graphics.cfg 2016/06/04 v1.11 sample graphics configuration
)
Package graphics Info: Driver file: pdftex.def on input line 105.

("C:\Program Files\MiKTeX 2.9\tex/latex/graphics-def\pdftex.def"
File: pdftex.def 2018/01/08 v1.0l Graphics/color driver for pdftex
))
\Gin@req@height=\dimen162
\Gin@req@width=\dimen163
)
(C:\Users\andre\AppData\Roaming\MiKTeX\2.9\tex/latex/cite\cite.sty
LaTeX Info: Redefining \cite on input line 302.
LaTeX Info: Redefining \nocite on input line 332.
Package: cite 2015/02/27  v 5.5
)
(C:\Users\andre\AppData\Roaming\MiKTeX\2.9\tex/latex/csquotes\csquotes.sty
Package: csquotes 2019-12-06 v5.2j context-sensitive quotations (JAW)

("C:\Program Files\MiKTeX 2.9\tex/latex/etoolbox\etoolbox.sty"
Package: etoolbox 2019/09/21 v2.5h e-TeX tools for LaTeX (JAW)
\etb@tempcnta=\count195
)
\csq@reset=\count196
\csq@gtype=\count197
\csq@glevel=\count198
\csq@qlevel=\count199
\csq@maxlvl=\count266
\csq@tshold=\count267
\csq@ltx@everypar=\toks33

(C:\Users\andre\AppData\Roaming\MiKTeX\2.9\tex/latex/csquotes\csquotes.def
File: csquotes.def 2019-12-06 v5.2j csquotes generic definitions (JAW)
)
Package csquotes Info: Trying to load configuration file 'csquotes.cfg'...
Package csquotes Info: ... configuration file loaded successfully.

(C:\Users\andre\AppData\Roaming\MiKTeX\2.9\tex/latex/csquotes\csquotes.cfg
File: csquotes.cfg 
))
(C:\Users\andre\AppData\Roaming\MiKTeX\2.9\tex/latex/caption\caption.sty
Package: caption 2020/05/10 v3.4j Customizing captions (AR)

(C:\Users\andre\AppData\Roaming\MiKTeX\2.9\tex/latex/caption\caption3.sty
Package: caption3 2020/05/10 v1.11 caption3 kernel (AR)
Package caption3 Info: TeX engine: e-TeX on input line 61.
\captionmargin=\dimen164
\captionmargin@=\dimen165
\captionwidth=\dimen166
\caption@tempdima=\dimen167
\caption@indent=\dimen168
\caption@parindent=\dimen169
\caption@hangindent=\dimen170
Package caption Info: Standard document class detected.
)
\c@caption@flags=\count268
\c@continuedfloat=\count269
Package caption Info: float package is loaded.
)
Package csquotes Info: Checking for multilingual support...
Package csquotes Info: ... found 'babel' package.
Package csquotes Info: Adjusting default style.
Package csquotes Info: Redefining alias 'default' -> 'german'.

("C:\Program Files\MiKTeX 2.9\tex/latex/l3backend\l3backend-pdfmode.def"
File: l3backend-pdfmode.def 2020-06-03 L3 backend support: PDF mode
\l__kernel_color_stack_int=\count270
\l__pdf_internal_box=\box52
)
("bin√§re Suchb√§ume.aux")
\openout1 = `"bin√§re Suchb√§ume.aux"'.

LaTeX Font Info:    Checking defaults for OML/cmm/m/it on input line 27.
LaTeX Font Info:    ... okay on input line 27.
LaTeX Font Info:    Checking defaults for OMS/cmsy/m/n on input line 27.
LaTeX Font Info:    ... okay on input line 27.
LaTeX Font Info:    Checking defaults for OT1/cmr/m/n on input line 27.
LaTeX Font Info:    ... okay on input line 27.
LaTeX Font Info:    Checking defaults for T1/cmr/m/n on input line 27.
LaTeX Font Info:    ... okay on input line 27.
LaTeX Font Info:    Checking defaults for TS1/cmr/m/n on input line 27.
LaTeX Font Info:    ... okay on input line 27.
LaTeX Font Info:    Checking defaults for OMX/cmex/m/n on input line 27.
LaTeX Font Info:    ... okay on input line 27.
LaTeX Font Info:    Checking defaults for U/cmr/m/n on input line 27.
LaTeX Font Info:    ... okay on input line 27.

("C:\Program Files\MiKTeX 2.9\tex/context/base/mkii\supp-pdf.mkii"
[Loading MPS to PDF converter (version 2006.09.02).]
\scratchcounter=\count271
\scratchdimen=\dimen171
\scratchbox=\box53
\nofMPsegments=\count272
\nofMParguments=\count273
\everyMPshowfont=\toks34
\MPscratchCnt=\count274
\MPscratchDim=\dimen172
\MPnumerator=\count275
\makeMPintoPDFobject=\count276
\everyMPtoPDFconversion=\toks35
) ("C:\Program Files\MiKTeX 2.9\tex/latex/epstopdf-pkg\epstopdf-base.sty"
Package: epstopdf-base 2020-01-24 v2.11 Base part for package epstopdf
Package epstopdf-base Info: Redefining graphics rule for `.eps' on input line 4
85.
)
Package caption Info: Begin \AtBeginDocument code.
Package caption Info: End \AtBeginDocument code.
LaTeX Font Info:    Trying to load font information for U+msa on input line 30.


("C:\Program Files\MiKTeX 2.9\tex/latex/amsfonts\umsa.fd"
File: umsa.fd 2013/01/14 v3.01 AMS symbols A
)
LaTeX Font Info:    Trying to load font information for U+msb on input line 30.


("C:\Program Files\MiKTeX 2.9\tex/latex/amsfonts\umsb.fd"
File: umsb.fd 2013/01/14 v3.01 AMS symbols B
) [1

{C:/Users/andre/AppData/Local/MiKTeX/2.9/pdftex/config/pdftex.map}] [2] ("bin√§
re Suchb√§ume.toc")
\tf@toc=\write3
\openout3 = `"bin√§re Suchb√§ume.toc"'.

 [3]
Underfull \hbox (badness 10000) in paragraph at lines 41--42

 []

<Medien/Einleitung/ioSuchbaum.png, id=16, 673.3155pt x 269.808pt>
File: Medien/Einleitung/ioSuchbaum.png Graphic file (type png)
<use Medien/Einleitung/ioSuchbaum.png>
Package pdftex.def Info: Medien/Einleitung/ioSuchbaum.png  used on input line 5
0.
(pdftex.def)             Requested size: 390.0pt x 156.27878pt.

LaTeX Warning: `h' float specifier changed to `ht'.

<Medien/Einleitung/nioSuchbaum.png, id=18, 476.37975pt x 274.02374pt>
File: Medien/Einleitung/nioSuchbaum.png Graphic file (type png)
<use Medien/Einleitung/nioSuchbaum.png>
Package pdftex.def Info: Medien/Einleitung/nioSuchbaum.png  used on input line 
56.
(pdftex.def)             Requested size: 390.0pt x 224.33714pt.

LaTeX Warning: `h' float specifier changed to `ht'.


Underfull \hbox (badness 10000) in paragraph at lines 61--63

 []

[4]
Overfull \hbox (15.74591pt too wide) in paragraph at lines 68--68
[]\T1/cmr/bx/n/14.4 Weitere Be-grif-fe und Ei-gen-schaf-ten zum bi-n‰ren Such-
 []

<Medien/Einleitung/suchbaum2_2.png, id=32, 484.81125pt x 307.74976pt>
File: Medien/Einleitung/suchbaum2_2.png Graphic file (type png)
<use Medien/Einleitung/suchbaum2_2.png>
Package pdftex.def Info: Medien/Einleitung/suchbaum2_2.png  used on input line 
72.
(pdftex.def)             Requested size: 390.0pt x 247.57602pt.

LaTeX Warning: `h' float specifier changed to `ht'.

[5 <./Medien/Einleitung/ioSuchbaum.png>]
<Medien/Einleitung/linksRechts.png, id=40, 3468.96pt x 1233.408pt>
File: Medien/Einleitung/linksRechts.png Graphic file (type png)
<use Medien/Einleitung/linksRechts.png>
Package pdftex.def Info: Medien/Einleitung/linksRechts.png  used on input line 
81.
(pdftex.def)             Requested size: 390.0pt x 138.6489pt.


LaTeX Warning: `h' float specifier changed to `ht'.


Underfull \hbox (badness 10000) in paragraph at lines 85--86

 []

[6 <./Medien/Einleitung/nioSuchbaum.png>] [7 <./Medien/Einleitung/suchbaum2_2.p
ng>]
<Medien/Einleitung/Vorg√§ngerNachfolger.png, id=50, 502.87875pt x 310.15875pt>
File: Medien/Einleitung/Vorg√§ngerNachfolger.png Graphic file (type png)
<use Medien/Einleitung/Vorg√§ngerNachfolger.png>
Package pdftex.def Info: Medien/Einleitung/Vorg√§ngerNachfolger.png  used on in
put line 102.
(pdftex.def)             Requested size: 390.0pt x 240.53618pt.
 [8 <./Medien/Einleitung/linksRechts.png> <./Medien/Einleitung/Vorg√§ngerNachfo
lger.png>]
Underfull \hbox (badness 10000) in paragraph at lines 114--119

 []


Underfull \hbox (badness 10000) in paragraph at lines 114--119

 []


Underfull \hbox (badness 10000) in paragraph at lines 124--125

 []

<Medien/Einleitung/Linksrotation.png, id=56, 791.95876pt x 249.93375pt>
File: Medien/Einleitung/Linksrotation.png Graphic file (type png)
<use Medien/Einleitung/Linksrotation.png>
Package pdftex.def Info: Medien/Einleitung/Linksrotation.png  used on input lin
e 132.
(pdftex.def)             Requested size: 467.99881pt x 147.69608pt.

Overfull \hbox (77.99881pt too wide) in paragraph at lines 132--133
 [][] 
 []

<Medien/Einleitung/Rechtsrotation.png, id=57, 837.1275pt x 255.95625pt>
File: Medien/Einleitung/Rechtsrotation.png Graphic file (type png)
<use Medien/Einleitung/Rechtsrotation.png>
Package pdftex.def Info: Medien/Einleitung/Rechtsrotation.png  used on input li
ne 138.
(pdftex.def)             Requested size: 467.99881pt x 143.09236pt.

Overfull \hbox (77.99881pt too wide) in paragraph at lines 138--139
 [][] 
 []

<Medien/Einleitung/LinksRechtsRotation.png, id=58, 840.13875pt x 255.95625pt>
File: Medien/Einleitung/LinksRechtsRotation.png Graphic file (type png)
<use Medien/Einleitung/LinksRechtsRotation.png>
Package pdftex.def Info: Medien/Einleitung/LinksRechtsRotation.png  used on inp
ut line 144.
(pdftex.def)             Requested size: 467.99881pt x 142.58073pt.

Overfull \hbox (77.99881pt too wide) in paragraph at lines 144--145
 [][] 
 []

[9]

LaTeX Warning: `h' float specifier changed to `ht'.

<Medien/Einleitung/SuchenEinf√ºgen.png, id=62, 3874.27425pt x 1300.86pt>
File: Medien/Einleitung/SuchenEinf√ºgen.png Graphic file (type png)
<use Medien/Einleitung/SuchenEinf√ºgen.png>
Package pdftex.def Info: Medien/Einleitung/SuchenEinf√ºgen.png  used on input l
ine 156.
(pdftex.def)             Requested size: 467.99881pt x 157.12863pt.

Overfull \hbox (77.99881pt too wide) in paragraph at lines 156--157
 [][] 
 []

[10 <./Medien/Einleitung/Linksrotation.png> <./Medien/Einleitung/Rechtsrotation
.png>]

LaTeX Warning: `h' float specifier changed to `ht'.

[11 <./Medien/Einleitung/LinksRechtsRotation.png>] [12 <./Medien/Einleitung/Suc
henEinf√ºgen.png>]
<Medien/Einleitung/l√∂schen.png, id=76, 828.09375pt x 249.3315pt>
File: Medien/Einleitung/l√∂schen.png Graphic file (type png)
<use Medien/Einleitung/l√∂schen.png>
Package pdftex.def Info: Medien/Einleitung/l√∂schen.png  used on input line 178
.
(pdftex.def)             Requested size: 467.99881pt x 140.9144pt.

Overfull \hbox (77.99881pt too wide) in paragraph at lines 178--179
 [][] 
 []

<Medien/Einleitung/kompletterBaum.png, id=77, 737.75626pt x 237.88875pt>
File: Medien/Einleitung/kompletterBaum.png Graphic file (type png)
<use Medien/Einleitung/kompletterBaum.png>
Package pdftex.def Info: Medien/Einleitung/kompletterBaum.png  used on input li
ne 191.
(pdftex.def)             Requested size: 390.0pt x 125.75374pt.

LaTeX Warning: `h' float specifier changed to `ht'.

\c@Lemma=\count277
[13 <./Medien/Einleitung/l√∂schen.png>]
Underfull \hbox (badness 10000) in paragraph at lines 201--203

 []


Underfull \hbox (badness 10000) in paragraph at lines 207--208

 []


Underfull \hbox (badness 10000) in paragraph at lines 211--213

 []

[14 <./Medien/Einleitung/kompletterBaum.png>] ("bin√§re Suchb√§ume.bbl"

LaTeX Warning: Empty `thebibliography' environment on input line 3.

) [15] ("bin√§re Suchb√§ume.aux") ) 
Here is how much of TeX's memory you used:
 6401 strings out of 480797
 95991 string characters out of 2905362
 364815 words of memory out of 3000000
 22296 multiletter control sequences out of 15000+200000
 549796 words of font info for 68 fonts, out of 3000000 for 9000
 1141 hyphenation exceptions out of 8191
 38i,14n,43p,1417b,365s stack positions out of 5000i,500n,10000p,200000b,50000s
 <C:\Users\andre\AppData\Local\MiKTeX\2.9\fo
nts/pk/ljfour/jknappen/ec/dpi600\ecrm1095.pk> <C:\Users\andre\AppData\Local\MiK
TeX\2.9\fonts/pk/ljfour/jknappen/ec/dpi600\ecbx1095.pk> <C:\Users\andre\AppData
\Local\MiKTeX\2.9\fonts/pk/ljfour/jknappen/ec/dpi600\ecti1200.pk> <C:\Users\and
re\AppData\Local\MiKTeX\2.9\fonts/pk/ljfour/jknappen/ec/dpi600\ecbx1440.pk> <C:
\Users\andre\AppData\Local\MiKTeX\2.9\fonts/pk/ljfour/jknappen/ec/dpi600\ecbx12
00.pk> <C:\Users\andre\AppData\Local\MiKTeX\2.9\fonts/pk/ljfour/jknappen/ec/dpi
600\ecbx1728.pk> <C:\Users\andre\AppData\Local\MiKTeX\2.9\fonts/pk/ljfour/jknap
pen/ec/dpi600\ecrm1200.pk> <C:\Users\andre\AppData\Local\MiKTeX\2.9\fonts/pk/lj
four/jknappen/ec/dpi600\ecrm1440.pk> <C:\Users\andre\AppData\Local\MiKTeX\2.9\f
onts/pk/ljfour/jknappen/ec/dpi600\ecrm2074.pk><C:/Program Files/MiKTeX 2.9/font
s/type1/public/amsfonts/cm/cmex10.pfb><C:/Program Files/MiKTeX 2.9/fonts/type1/
public/amsfonts/cm/cmmi12.pfb><C:/Program Files/MiKTeX 2.9/fonts/type1/public/a
msfonts/cm/cmmi8.pfb><C:/Program Files/MiKTeX 2.9/fonts/type1/public/amsfonts/c
m/cmr12.pfb><C:/Program Files/MiKTeX 2.9/fonts/type1/public/amsfonts/cm/cmr8.pf
b><C:/Program Files/MiKTeX 2.9/fonts/type1/public/amsfonts/cm/cmsy10.pfb><C:/Pr
ogram Files/MiKTeX 2.9/fonts/type1/public/amsfonts/cm/cmsy8.pfb><C:/Program Fil
es/MiKTeX 2.9/fonts/type1/public/amsfonts/cm/cmti12.pfb><C:/Program Files/MiKTe
X 2.9/fonts/type1/public/amsfonts/cm/cmti8.pfb><C:/Program Files/MiKTeX 2.9/fon
ts/type1/public/amsfonts/symbols/msbm10.pfb>
Output written on "bin√§re Suchb√§ume.pdf" (15 pages, 1131696 bytes).
PDF statistics:
 455 PDF objects out of 1000 (max. 8388607)
 0 named destinations out of 1000 (max. 500000)
 56 words of extra memory for PDF output out of 10000 (max. 10000000)

