This is pdfTeX, Version 3.14159265-2.6-1.40.20 (MiKTeX 2.9.7200 64-bit) (preloaded format=pdflatex 2019.11.6)  2 MAR 2020 07:46
entering extended mode
**./presentation.tex
(presentation.tex
LaTeX2e <2019-10-01> patch level 1
("C:\Users\andre\AppData\Local\Programs\MiKTeX 2.9\tex/latex/beamer\beamer.cls"
Document Class: beamer 2019/09/29 v3.57 A class for typesetting presentations

("C:\Users\andre\AppData\Local\Programs\MiKTeX 2.9\tex/latex/beamer\beamerbasem
odes.sty"
("C:\Users\andre\AppData\Local\Programs\MiKTeX 2.9\tex/latex/etoolbox\etoolbox.
sty"
Package: etoolbox 2019/09/21 v2.5h e-TeX tools for LaTeX (JAW)
\etb@tempcnta=\count80
)
\beamer@tempbox=\box27
\beamer@tempcount=\count81
\c@beamerpauses=\count82

("C:\Users\andre\AppData\Local\Programs\MiKTeX 2.9\tex/latex/beamer\beamerbased
ecode.sty"
\beamer@slideinframe=\count83
\beamer@minimum=\count84
\beamer@decode@box=\box28
)
\beamer@commentbox=\box29
\beamer@modecount=\count85
)
("C:\Users\andre\AppData\Local\Programs\MiKTeX 2.9\tex/generic/iftex\ifpdf.sty"
Package: ifpdf 2019/10/25 v3.4 ifpdf legacy package. Use iftex instead.
("C:\Users\andre\AppData\Local\Programs\MiKTeX 2.9\tex/generic/iftex\iftex.sty"
Package: iftex 2019/10/24 v1.0a TeX engine tests
))
\headdp=\dimen102
\footheight=\dimen103
\sidebarheight=\dimen104
\beamer@tempdim=\dimen105
\beamer@finalheight=\dimen106
\beamer@animht=\dimen107
\beamer@animdp=\dimen108
\beamer@animwd=\dimen109
\beamer@leftmargin=\dimen110
\beamer@rightmargin=\dimen111
\beamer@leftsidebar=\dimen112
\beamer@rightsidebar=\dimen113
\beamer@boxsize=\dimen114
\beamer@vboxoffset=\dimen115
\beamer@descdefault=\dimen116
\beamer@descriptionwidth=\dimen117
\beamer@lastskip=\skip41
\beamer@areabox=\box30
\beamer@animcurrent=\box31
\beamer@animshowbox=\box32
\beamer@sectionbox=\box33
\beamer@logobox=\box34
\beamer@linebox=\box35
\beamer@sectioncount=\count86
\beamer@subsubsectionmax=\count87
\beamer@subsectionmax=\count88
\beamer@sectionmax=\count89
\beamer@totalheads=\count90
\beamer@headcounter=\count91
\beamer@partstartpage=\count92
\beamer@sectionstartpage=\count93
\beamer@subsectionstartpage=\count94
\beamer@animationtempa=\count95
\beamer@animationtempb=\count96
\beamer@xpos=\count97
\beamer@ypos=\count98
\beamer@ypos@offset=\count99
\beamer@showpartnumber=\count100
\beamer@currentsubsection=\count101
\beamer@coveringdepth=\count102
\beamer@sectionadjust=\count103
\beamer@tocsectionnumber=\count104

("C:\Users\andre\AppData\Local\Programs\MiKTeX 2.9\tex/latex/beamer\beamerbaseo
ptions.sty"
("C:\Users\andre\AppData\Local\Programs\MiKTeX 2.9\tex/latex/graphics\keyval.st
y"
Package: keyval 2014/10/28 v1.15 key=value parser (DPC)
\KV@toks@=\toks14
))
\beamer@paperwidth=\skip42
\beamer@paperheight=\skip43

("C:\Users\andre\AppData\Local\Programs\MiKTeX 2.9\tex/latex/geometry\geometry.
sty"
Package: geometry 2018/04/16 v5.8 Page Geometry

("C:\Users\andre\AppData\Local\Programs\MiKTeX 2.9\tex/generic/iftex\ifvtex.sty
"
Package: ifvtex 2019/10/25 v1.7 ifvtex legacy package. Use iftex instead.
)
("C:\Users\andre\AppData\Local\Programs\MiKTeX 2.9\tex/generic/iftex\ifxetex.st
y"
Package: ifxetex 2019/10/25 v0.7 ifxetex legacy package. Use iftex instead.
)
\Gm@cnth=\count105
\Gm@cntv=\count106
\c@Gm@tempcnt=\count107
\Gm@bindingoffset=\dimen118
\Gm@wd@mp=\dimen119
\Gm@odd@mp=\dimen120
\Gm@even@mp=\dimen121
\Gm@layoutwidth=\dimen122
\Gm@layoutheight=\dimen123
\Gm@layouthoffset=\dimen124
\Gm@layoutvoffset=\dimen125
\Gm@dimlist=\toks15

("C:\Users\andre\AppData\Local\Programs\MiKTeX 2.9\tex/latex/geometry\geometry.
cfg"))
("C:\Users\andre\AppData\Local\Programs\MiKTeX 2.9\tex/latex/base\size11.clo"
File: size11.clo 2019/08/27 v1.4j Standard LaTeX file (size option)
)
("C:\Users\andre\AppData\Local\Programs\MiKTeX 2.9\tex/latex/pgf/basiclayer\pgf
core.sty"
("C:\Users\andre\AppData\Local\Programs\MiKTeX 2.9\tex/latex/graphics\graphicx.
sty"
Package: graphicx 2017/06/01 v1.1a Enhanced LaTeX Graphics (DPC,SPQR)

("C:\Users\andre\AppData\Local\Programs\MiKTeX 2.9\tex/latex/graphics\graphics.
sty"
Package: graphics 2019/10/08 v1.3c Standard LaTeX Graphics (DPC,SPQR)

("C:\Users\andre\AppData\Local\Programs\MiKTeX 2.9\tex/latex/graphics\trig.sty"
Package: trig 2016/01/03 v1.10 sin cos tan (DPC)
)
("C:\Users\andre\AppData\Local\Programs\MiKTeX 2.9\tex/latex/graphics-cfg\graph
ics.cfg"
File: graphics.cfg 2016/06/04 v1.11 sample graphics configuration
)
Package graphics Info: Driver file: pdftex.def on input line 105.

("C:\Users\andre\AppData\Local\Programs\MiKTeX 2.9\tex/latex/graphics-def\pdfte
x.def"
File: pdftex.def 2018/01/08 v1.0l Graphics/color driver for pdftex
))
\Gin@req@height=\dimen126
\Gin@req@width=\dimen127
)
("C:\Users\andre\AppData\Local\Programs\MiKTeX 2.9\tex/latex/pgf/systemlayer\pg
fsys.sty"
("C:\Users\andre\AppData\Local\Programs\MiKTeX 2.9\tex/latex/pgf/utilities\pgfr
cs.sty"
("C:\Users\andre\AppData\Local\Programs\MiKTeX 2.9\tex/generic/pgf/utilities\pg
futil-common.tex"
\pgfutil@everybye=\toks16
\pgfutil@tempdima=\dimen128
\pgfutil@tempdimb=\dimen129

("C:\Users\andre\AppData\Local\Programs\MiKTeX 2.9\tex/generic/pgf/utilities\pg
futil-common-lists.tex"))
("C:\Users\andre\AppData\Local\Programs\MiKTeX 2.9\tex/generic/pgf/utilities\pg
futil-latex.def"
\pgfutil@abb=\box36

("C:\Users\andre\AppData\Local\Programs\MiKTeX 2.9\tex/latex/ms\everyshi.sty"
Package: everyshi 2001/05/15 v3.00 EveryShipout Package (MS)
))
("C:\Users\andre\AppData\Local\Programs\MiKTeX 2.9\tex/generic/pgf/utilities\pg
frcs.code.tex"
("C:\Users\andre\AppData\Local\Programs\MiKTeX 2.9\tex/generic/pgf\pgf.revision
.tex")
Package: pgfrcs 2019/12/21 v3.1.5a (3.1.5a)
))
("C:\Users\andre\AppData\Local\Programs\MiKTeX 2.9\tex/generic/pgf/systemlayer\
pgfsys.code.tex"
Package: pgfsys 2019/12/21 v3.1.5a (3.1.5a)

("C:\Users\andre\AppData\Local\Programs\MiKTeX 2.9\tex/generic/pgf/utilities\pg
fkeys.code.tex"
\pgfkeys@pathtoks=\toks17
\pgfkeys@temptoks=\toks18

("C:\Users\andre\AppData\Local\Programs\MiKTeX 2.9\tex/generic/pgf/utilities\pg
fkeysfiltered.code.tex"
\pgfkeys@tmptoks=\toks19
))
\pgf@x=\dimen130
\pgf@y=\dimen131
\pgf@xa=\dimen132
\pgf@ya=\dimen133
\pgf@xb=\dimen134
\pgf@yb=\dimen135
\pgf@xc=\dimen136
\pgf@yc=\dimen137
\pgf@xd=\dimen138
\pgf@yd=\dimen139
\w@pgf@writea=\write3
\r@pgf@reada=\read1
\c@pgf@counta=\count108
\c@pgf@countb=\count109
\c@pgf@countc=\count110
\c@pgf@countd=\count111
\t@pgf@toka=\toks20
\t@pgf@tokb=\toks21
\t@pgf@tokc=\toks22
\pgf@sys@id@count=\count112

("C:\Users\andre\AppData\Local\Programs\MiKTeX 2.9\tex/generic/pgf/systemlayer\
pgf.cfg"
File: pgf.cfg 2019/12/21 v3.1.5a (3.1.5a)
)
Driver file for pgf: pgfsys-pdftex.def

("C:\Users\andre\AppData\Local\Programs\MiKTeX 2.9\tex/generic/pgf/systemlayer\
pgfsys-pdftex.def"
File: pgfsys-pdftex.def 2019/12/21 v3.1.5a (3.1.5a)

("C:\Users\andre\AppData\Local\Programs\MiKTeX 2.9\tex/generic/pgf/systemlayer\
pgfsys-common-pdf.def"
File: pgfsys-common-pdf.def 2019/12/21 v3.1.5a (3.1.5a)
)))
("C:\Users\andre\AppData\Local\Programs\MiKTeX 2.9\tex/generic/pgf/systemlayer\
pgfsyssoftpath.code.tex"
File: pgfsyssoftpath.code.tex 2019/12/21 v3.1.5a (3.1.5a)
\pgfsyssoftpath@smallbuffer@items=\count113
\pgfsyssoftpath@bigbuffer@items=\count114
)
("C:\Users\andre\AppData\Local\Programs\MiKTeX 2.9\tex/generic/pgf/systemlayer\
pgfsysprotocol.code.tex"
File: pgfsysprotocol.code.tex 2019/12/21 v3.1.5a (3.1.5a)
))
("C:\Users\andre\AppData\Local\Programs\MiKTeX 2.9\tex/latex/xcolor\xcolor.sty"
Package: xcolor 2016/05/11 v2.12 LaTeX color extensions (UK)

("C:\Users\andre\AppData\Local\Programs\MiKTeX 2.9\tex/latex/graphics-cfg\color
.cfg"
File: color.cfg 2016/01/02 v1.6 sample color configuration
)
Package xcolor Info: Driver file: pdftex.def on input line 225.
Package xcolor Info: Model `cmy' substituted by `cmy0' on input line 1348.
Package xcolor Info: Model `hsb' substituted by `rgb' on input line 1352.
Package xcolor Info: Model `RGB' extended on input line 1364.
Package xcolor Info: Model `HTML' substituted by `rgb' on input line 1366.
Package xcolor Info: Model `Hsb' substituted by `hsb' on input line 1367.
Package xcolor Info: Model `tHsb' substituted by `hsb' on input line 1368.
Package xcolor Info: Model `HSB' substituted by `hsb' on input line 1369.
Package xcolor Info: Model `Gray' substituted by `gray' on input line 1370.
Package xcolor Info: Model `wave' substituted by `hsb' on input line 1371.
)
("C:\Users\andre\AppData\Local\Programs\MiKTeX 2.9\tex/generic/pgf/basiclayer\p
gfcore.code.tex"
Package: pgfcore 2019/12/21 v3.1.5a (3.1.5a)

("C:\Users\andre\AppData\Local\Programs\MiKTeX 2.9\tex/generic/pgf/math\pgfmath
.code.tex"
("C:\Users\andre\AppData\Local\Programs\MiKTeX 2.9\tex/generic/pgf/math\pgfmath
calc.code.tex"
("C:\Users\andre\AppData\Local\Programs\MiKTeX 2.9\tex/generic/pgf/math\pgfmath
util.code.tex")
("C:\Users\andre\AppData\Local\Programs\MiKTeX 2.9\tex/generic/pgf/math\pgfmath
parser.code.tex"
\pgfmath@dimen=\dimen140
\pgfmath@count=\count115
\pgfmath@box=\box37
\pgfmath@toks=\toks23
\pgfmath@stack@operand=\toks24
\pgfmath@stack@operation=\toks25
)
("C:\Users\andre\AppData\Local\Programs\MiKTeX 2.9\tex/generic/pgf/math\pgfmath
functions.code.tex"
("C:\Users\andre\AppData\Local\Programs\MiKTeX 2.9\tex/generic/pgf/math\pgfmath
functions.basic.code.tex")
("C:\Users\andre\AppData\Local\Programs\MiKTeX 2.9\tex/generic/pgf/math\pgfmath
functions.trigonometric.code.tex")
("C:\Users\andre\AppData\Local\Programs\MiKTeX 2.9\tex/generic/pgf/math\pgfmath
functions.random.code.tex")
("C:\Users\andre\AppData\Local\Programs\MiKTeX 2.9\tex/generic/pgf/math\pgfmath
functions.comparison.code.tex")
("C:\Users\andre\AppData\Local\Programs\MiKTeX 2.9\tex/generic/pgf/math\pgfmath
functions.base.code.tex")
("C:\Users\andre\AppData\Local\Programs\MiKTeX 2.9\tex/generic/pgf/math\pgfmath
functions.round.code.tex")
("C:\Users\andre\AppData\Local\Programs\MiKTeX 2.9\tex/generic/pgf/math\pgfmath
functions.misc.code.tex")
("C:\Users\andre\AppData\Local\Programs\MiKTeX 2.9\tex/generic/pgf/math\pgfmath
functions.integerarithmetics.code.tex")))
("C:\Users\andre\AppData\Local\Programs\MiKTeX 2.9\tex/generic/pgf/math\pgfmath
float.code.tex"
\c@pgfmathroundto@lastzeros=\count116
))
("C:\Users\andre\AppData\Local\Programs\MiKTeX 2.9\tex/generic/pgf/math\pgfint.
code.tex")
("C:\Users\andre\AppData\Local\Programs\MiKTeX 2.9\tex/generic/pgf/basiclayer\p
gfcorepoints.code.tex"
File: pgfcorepoints.code.tex 2019/12/21 v3.1.5a (3.1.5a)
\pgf@picminx=\dimen141
\pgf@picmaxx=\dimen142
\pgf@picminy=\dimen143
\pgf@picmaxy=\dimen144
\pgf@pathminx=\dimen145
\pgf@pathmaxx=\dimen146
\pgf@pathminy=\dimen147
\pgf@pathmaxy=\dimen148
\pgf@xx=\dimen149
\pgf@xy=\dimen150
\pgf@yx=\dimen151
\pgf@yy=\dimen152
\pgf@zx=\dimen153
\pgf@zy=\dimen154
)
("C:\Users\andre\AppData\Local\Programs\MiKTeX 2.9\tex/generic/pgf/basiclayer\p
gfcorepathconstruct.code.tex"
File: pgfcorepathconstruct.code.tex 2019/12/21 v3.1.5a (3.1.5a)
\pgf@path@lastx=\dimen155
\pgf@path@lasty=\dimen156
)
("C:\Users\andre\AppData\Local\Programs\MiKTeX 2.9\tex/generic/pgf/basiclayer\p
gfcorepathusage.code.tex"
File: pgfcorepathusage.code.tex 2019/12/21 v3.1.5a (3.1.5a)
\pgf@shorten@end@additional=\dimen157
\pgf@shorten@start@additional=\dimen158
)
("C:\Users\andre\AppData\Local\Programs\MiKTeX 2.9\tex/generic/pgf/basiclayer\p
gfcorescopes.code.tex"
File: pgfcorescopes.code.tex 2019/12/21 v3.1.5a (3.1.5a)
\pgfpic=\box38
\pgf@hbox=\box39
\pgf@layerbox@main=\box40
\pgf@picture@serial@count=\count117
)
("C:\Users\andre\AppData\Local\Programs\MiKTeX 2.9\tex/generic/pgf/basiclayer\p
gfcoregraphicstate.code.tex"
File: pgfcoregraphicstate.code.tex 2019/12/21 v3.1.5a (3.1.5a)
\pgflinewidth=\dimen159
)
("C:\Users\andre\AppData\Local\Programs\MiKTeX 2.9\tex/generic/pgf/basiclayer\p
gfcoretransformations.code.tex"
File: pgfcoretransformations.code.tex 2019/12/21 v3.1.5a (3.1.5a)
\pgf@pt@x=\dimen160
\pgf@pt@y=\dimen161
\pgf@pt@temp=\dimen162
)
("C:\Users\andre\AppData\Local\Programs\MiKTeX 2.9\tex/generic/pgf/basiclayer\p
gfcorequick.code.tex"
File: pgfcorequick.code.tex 2019/12/21 v3.1.5a (3.1.5a)
)
("C:\Users\andre\AppData\Local\Programs\MiKTeX 2.9\tex/generic/pgf/basiclayer\p
gfcoreobjects.code.tex"
File: pgfcoreobjects.code.tex 2019/12/21 v3.1.5a (3.1.5a)
)
("C:\Users\andre\AppData\Local\Programs\MiKTeX 2.9\tex/generic/pgf/basiclayer\p
gfcorepathprocessing.code.tex"
File: pgfcorepathprocessing.code.tex 2019/12/21 v3.1.5a (3.1.5a)
)
("C:\Users\andre\AppData\Local\Programs\MiKTeX 2.9\tex/generic/pgf/basiclayer\p
gfcorearrows.code.tex"
File: pgfcorearrows.code.tex 2019/12/21 v3.1.5a (3.1.5a)
\pgfarrowsep=\dimen163
)
("C:\Users\andre\AppData\Local\Programs\MiKTeX 2.9\tex/generic/pgf/basiclayer\p
gfcoreshade.code.tex"
File: pgfcoreshade.code.tex 2019/12/21 v3.1.5a (3.1.5a)
\pgf@max=\dimen164
\pgf@sys@shading@range@num=\count118
\pgf@shadingcount=\count119
)
("C:\Users\andre\AppData\Local\Programs\MiKTeX 2.9\tex/generic/pgf/basiclayer\p
gfcoreimage.code.tex"
File: pgfcoreimage.code.tex 2019/12/21 v3.1.5a (3.1.5a)

("C:\Users\andre\AppData\Local\Programs\MiKTeX 2.9\tex/generic/pgf/basiclayer\p
gfcoreexternal.code.tex"
File: pgfcoreexternal.code.tex 2019/12/21 v3.1.5a (3.1.5a)
\pgfexternal@startupbox=\box41
))
("C:\Users\andre\AppData\Local\Programs\MiKTeX 2.9\tex/generic/pgf/basiclayer\p
gfcorelayers.code.tex"
File: pgfcorelayers.code.tex 2019/12/21 v3.1.5a (3.1.5a)
)
("C:\Users\andre\AppData\Local\Programs\MiKTeX 2.9\tex/generic/pgf/basiclayer\p
gfcoretransparency.code.tex"
File: pgfcoretransparency.code.tex 2019/12/21 v3.1.5a (3.1.5a)
)
("C:\Users\andre\AppData\Local\Programs\MiKTeX 2.9\tex/generic/pgf/basiclayer\p
gfcorepatterns.code.tex"
File: pgfcorepatterns.code.tex 2019/12/21 v3.1.5a (3.1.5a)
)
("C:\Users\andre\AppData\Local\Programs\MiKTeX 2.9\tex/generic/pgf/basiclayer\p
gfcorerdf.code.tex"
File: pgfcorerdf.code.tex 2019/12/21 v3.1.5a (3.1.5a)
)))
("C:\Users\andre\AppData\Local\Programs\MiKTeX 2.9\tex/latex/pgf/utilities\xxco
lor.sty"
Package: xxcolor 2003/10/24 ver 0.1
\XC@nummixins=\count120
\XC@countmixins=\count121
)
("C:\Users\andre\AppData\Local\Programs\MiKTeX 2.9\tex/generic/oberdiek\atbegsh
i.sty"
Package: atbegshi 2016/06/09 v1.18 At begin shipout hook (HO)

("C:\Users\andre\AppData\Local\Programs\MiKTeX 2.9\tex/generic/oberdiek\infware
rr.sty"
Package: infwarerr 2016/05/16 v1.4 Providing info/warning/error messages (HO)
)
("C:\Users\andre\AppData\Local\Programs\MiKTeX 2.9\tex/generic/oberdiek\ltxcmds
.sty"
Package: ltxcmds 2016/05/16 v1.23 LaTeX kernel commands for general use (HO)
))
("C:\Users\andre\AppData\Local\Programs\MiKTeX 2.9\tex/latex/hyperref\hyperref.
sty"
Package: hyperref 2019/09/28 v7.00a Hypertext links for LaTeX

("C:\Users\andre\AppData\Local\Programs\MiKTeX 2.9\tex/generic/oberdiek\hobsub-
hyperref.sty"
Package: hobsub-hyperref 2019/10/27
hobsub not currently supported, see hobsub.dtx to extract original code

("C:\Users\andre\AppData\Local\Programs\MiKTeX 2.9\tex/generic/oberdiek\pdftexc
mds.sty"
Package: pdftexcmds 2019/07/25 v0.30 Utility functions of pdfTeX for LuaTeX (HO
)

("C:\Users\andre\AppData\Local\Programs\MiKTeX 2.9\tex/generic/iftex\ifluatex.s
ty"
Package: ifluatex 2019/10/25 v1.5 ifluatex legacy package. Use iftex instead.
)
Package pdftexcmds Info: LuaTeX not detected.
Package pdftexcmds Info: \pdf@primitive is available.
Package pdftexcmds Info: \pdf@ifprimitive is available.
Package pdftexcmds Info: \pdfdraftmode found.
)
("C:\Users\andre\AppData\Local\Programs\MiKTeX 2.9\tex/generic/oberdiek\kvsetke
ys.sty"
Package: kvsetkeys 2016/05/16 v1.17 Key value parser (HO)

("C:\Users\andre\AppData\Local\Programs\MiKTeX 2.9\tex/generic/oberdiek\etexcmd
s.sty"
Package: etexcmds 2016/05/16 v1.6 Avoid name clashes with e-TeX commands (HO)
))
("C:\Users\andre\AppData\Local\Programs\MiKTeX 2.9\tex/generic/oberdiek\kvdefin
ekeys.sty"
Package: kvdefinekeys 2016/05/16 v1.4 Define keys (HO)
)
("C:\Users\andre\AppData\Local\Programs\MiKTeX 2.9\tex/generic/oberdiek\pdfesca
pe.sty"
Package: pdfescape 2016/05/16 v1.14 Implements pdfTeX's escape features (HO)
)
("C:\Users\andre\AppData\Local\Programs\MiKTeX 2.9\tex/latex/oberdiek\hycolor.s
ty"
Package: hycolor 2016/05/16 v1.8 Color options for hyperref/bookmark (HO)

("C:\Users\andre\AppData\Local\Programs\MiKTeX 2.9\tex/latex/oberdiek\xcolor-pa
tch.sty"
Package: xcolor-patch 2016/05/16 xcolor patch

("C:\Users\andre\AppData\Local\Programs\MiKTeX 2.9\tex/latex/oberdiek\hopatch.s
ty"
Package: hopatch 2016/05/16 v1.3 Wrapper for package hooks (HO)
)))
("C:\Users\andre\AppData\Local\Programs\MiKTeX 2.9\tex/latex/oberdiek\letltxmac
ro.sty"
Package: letltxmacro 2016/05/16 v1.5 Let assignment for LaTeX macros (HO)
))
("C:\Users\andre\AppData\Local\Programs\MiKTeX 2.9\tex/latex/oberdiek\auxhook.s
ty"
Package: auxhook 2016/05/16 v1.4 Hooks for auxiliary files (HO)
)
("C:\Users\andre\AppData\Local\Programs\MiKTeX 2.9\tex/latex/oberdiek\kvoptions
.sty"
Package: kvoptions 2016/05/16 v3.12 Key value format for package options (HO)
)
\@linkdim=\dimen165
\Hy@linkcounter=\count122
\Hy@pagecounter=\count123

("C:\Users\andre\AppData\Local\Programs\MiKTeX 2.9\tex/latex/hyperref\pd1enc.de
f"
File: pd1enc.def 2019/09/28 v7.00a Hyperref: PDFDocEncoding definition (HO)
Now handling font encoding PD1 ...
... no UTF-8 mapping file for font encoding PD1
)
("C:\Users\andre\AppData\Local\Programs\MiKTeX 2.9\tex/generic/oberdiek\intcalc
.sty"
Package: intcalc 2016/05/16 v1.2 Expandable calculations with integers (HO)
)
\Hy@SavedSpaceFactor=\count124

("C:\Users\andre\AppData\Local\Programs\MiKTeX 2.9\tex/latex/00miktex\hyperref.
cfg"
File: hyperref.cfg 2002/06/06 v1.2 hyperref configuration of TeXLive
)
Package hyperref Info: Option `bookmarks' set `true' on input line 4414.
Package hyperref Info: Option `bookmarksopen' set `true' on input line 4414.
Package hyperref Info: Option `implicit' set `false' on input line 4414.
Package hyperref Info: Hyper figures OFF on input line 4540.
Package hyperref Info: Link nesting OFF on input line 4545.
Package hyperref Info: Hyper index ON on input line 4548.
Package hyperref Info: Plain pages OFF on input line 4555.
Package hyperref Info: Backreferencing OFF on input line 4560.
Package hyperref Info: Implicit mode OFF; no redefinition of LaTeX internals.
Package hyperref Info: Bookmarks ON on input line 4793.
\c@Hy@tempcnt=\count125
 ("C:\Users\andre\AppData\Local\Programs\MiKTeX 2.9\tex/latex/url\url.sty"
\Urlmuskip=\muskip10
Package: url 2013/09/16  ver 3.4  Verb mode for urls, etc.
)
LaTeX Info: Redefining \url on input line 5152.
\XeTeXLinkMargin=\dimen166

("C:\Users\andre\AppData\Local\Programs\MiKTeX 2.9\tex/generic/oberdiek\bitset.
sty"
Package: bitset 2016/05/16 v1.2 Handle bit-vector datatype (HO)

("C:\Users\andre\AppData\Local\Programs\MiKTeX 2.9\tex/generic/oberdiek\bigintc
alc.sty"
Package: bigintcalc 2016/05/16 v1.4 Expandable calculations on big integers (HO
)
))
\Fld@menulength=\count126
\Field@Width=\dimen167
\Fld@charsize=\dimen168
Package hyperref Info: Hyper figures OFF on input line 6423.
Package hyperref Info: Link nesting OFF on input line 6428.
Package hyperref Info: Hyper index ON on input line 6431.
Package hyperref Info: backreferencing OFF on input line 6438.
Package hyperref Info: Link coloring OFF on input line 6443.
Package hyperref Info: Link coloring with OCG OFF on input line 6448.
Package hyperref Info: PDF/A mode OFF on input line 6453.
LaTeX Info: Redefining \ref on input line 6493.
LaTeX Info: Redefining \pageref on input line 6497.
\Hy@abspage=\count127


Package hyperref Message: Stopped early.

)
Package hyperref Info: Driver (autodetected): hpdftex.

("C:\Users\andre\AppData\Local\Programs\MiKTeX 2.9\tex/latex/hyperref\hpdftex.d
ef"
File: hpdftex.def 2019/09/28 v7.00a Hyperref driver for pdfTeX

("C:\Users\andre\AppData\Local\Programs\MiKTeX 2.9\tex/latex/oberdiek\atveryend
.sty"
Package: atveryend 2016/05/16 v1.9 Hooks at the very end of document (HO)
)
\Fld@listcount=\count128
\c@bookmark@seq@number=\count129

("C:\Users\andre\AppData\Local\Programs\MiKTeX 2.9\tex/latex/oberdiek\rerunfile
check.sty"
Package: rerunfilecheck 2016/05/16 v1.8 Rerun checks for auxiliary files (HO)

("C:\Users\andre\AppData\Local\Programs\MiKTeX 2.9\tex/generic/oberdiek\uniquec
ounter.sty"
Package: uniquecounter 2016/05/16 v1.3 Provide unlimited unique counter (HO)
)
Package uniquecounter Info: New unique counter `rerunfilecheck' on input line 2
82.
))
("C:\Users\andre\AppData\Local\Programs\MiKTeX 2.9\tex/latex/beamer\beamerbaser
equires.sty"
("C:\Users\andre\AppData\Local\Programs\MiKTeX 2.9\tex/latex/beamer\beamerbasec
ompatibility.sty")
("C:\Users\andre\AppData\Local\Programs\MiKTeX 2.9\tex/latex/beamer\beamerbasef
ont.sty"
("C:\Users\andre\AppData\Local\Programs\MiKTeX 2.9\tex/latex/amsfonts\amssymb.s
ty"
Package: amssymb 2013/01/14 v3.01 AMS font symbols

("C:\Users\andre\AppData\Local\Programs\MiKTeX 2.9\tex/latex/amsfonts\amsfonts.
sty"
Package: amsfonts 2013/01/14 v3.01 Basic AMSFonts support
\@emptytoks=\toks26
\symAMSa=\mathgroup4
\symAMSb=\mathgroup5
LaTeX Font Info:    Redeclaring math symbol \hbar on input line 98.
LaTeX Font Info:    Overwriting math alphabet `\mathfrak' in version `bold'
(Font)                  U/euf/m/n --> U/euf/b/n on input line 106.
))
("C:\Users\andre\AppData\Local\Programs\MiKTeX 2.9\tex/latex/sansmathaccent\san
smathaccent.sty"
Package: sansmathaccent 2013/03/28

("C:\Users\andre\AppData\Local\Programs\MiKTeX 2.9\tex/latex/filehook\filehook.
sty"
Package: filehook 2019/10/03 v0.6 Hooks for input files
)))
("C:\Users\andre\AppData\Local\Programs\MiKTeX 2.9\tex/latex/beamer\beamerbaset
ranslator.sty"
("C:\Users\andre\AppData\Local\Programs\MiKTeX 2.9\tex/latex/translator\transla
tor.sty"
Package: translator 2019-05-31 v1.12a Easy translation of strings in LaTeX
))
("C:\Users\andre\AppData\Local\Programs\MiKTeX 2.9\tex/latex/beamer\beamerbasem
isc.sty")
("C:\Users\andre\AppData\Local\Programs\MiKTeX 2.9\tex/latex/beamer\beamerbaset
woscreens.sty")
("C:\Users\andre\AppData\Local\Programs\MiKTeX 2.9\tex/latex/beamer\beamerbaseo
verlay.sty"
\beamer@argscount=\count130
\beamer@lastskipcover=\skip44
\beamer@trivlistdepth=\count131
)
("C:\Users\andre\AppData\Local\Programs\MiKTeX 2.9\tex/latex/beamer\beamerbaset
itle.sty")
("C:\Users\andre\AppData\Local\Programs\MiKTeX 2.9\tex/latex/beamer\beamerbases
ection.sty"
\c@lecture=\count132
\c@part=\count133
\c@section=\count134
\c@subsection=\count135
\c@subsubsection=\count136
)
("C:\Users\andre\AppData\Local\Programs\MiKTeX 2.9\tex/latex/beamer\beamerbasef
rame.sty"
\beamer@framebox=\box42
\beamer@frametitlebox=\box43
\beamer@zoombox=\box44
\beamer@zoomcount=\count137
\beamer@zoomframecount=\count138
\beamer@frametextheight=\dimen169
\c@subsectionslide=\count139
\beamer@frametopskip=\skip45
\beamer@framebottomskip=\skip46
\beamer@frametopskipautobreak=\skip47
\beamer@framebottomskipautobreak=\skip48
\beamer@envbody=\toks27
\framewidth=\dimen170
\c@framenumber=\count140
)
("C:\Users\andre\AppData\Local\Programs\MiKTeX 2.9\tex/latex/beamer\beamerbasev
erbatim.sty"
\beamer@verbatimfileout=\write4
)
("C:\Users\andre\AppData\Local\Programs\MiKTeX 2.9\tex/latex/beamer\beamerbasef
ramesize.sty"
\beamer@splitbox=\box45
\beamer@autobreakcount=\count141
\beamer@autobreaklastheight=\dimen171
\beamer@frametitletoks=\toks28
\beamer@framesubtitletoks=\toks29
)
("C:\Users\andre\AppData\Local\Programs\MiKTeX 2.9\tex/latex/beamer\beamerbasef
ramecomponents.sty"
\beamer@footins=\box46
)
("C:\Users\andre\AppData\Local\Programs\MiKTeX 2.9\tex/latex/beamer\beamerbasec
olor.sty")
("C:\Users\andre\AppData\Local\Programs\MiKTeX 2.9\tex/latex/beamer\beamerbasen
otes.sty"
\beamer@frameboxcopy=\box47
)
("C:\Users\andre\AppData\Local\Programs\MiKTeX 2.9\tex/latex/beamer\beamerbaset
oc.sty")
("C:\Users\andre\AppData\Local\Programs\MiKTeX 2.9\tex/latex/beamer\beamerbaset
emplates.sty"
\beamer@sbttoks=\toks30

("C:\Users\andre\AppData\Local\Programs\MiKTeX 2.9\tex/latex/beamer\beamerbasea
uxtemplates.sty"
("C:\Users\andre\AppData\Local\Programs\MiKTeX 2.9\tex/latex/beamer\beamerbaseb
oxes.sty"
\bmb@box=\box48
\bmb@colorbox=\box49
\bmb@boxshadow=\box50
\bmb@boxshadowball=\box51
\bmb@boxshadowballlarge=\box52
\bmb@temp=\dimen172
\bmb@dima=\dimen173
\bmb@dimb=\dimen174
\bmb@prevheight=\dimen175
)
\beamer@blockheadheight=\dimen176
))
("C:\Users\andre\AppData\Local\Programs\MiKTeX 2.9\tex/latex/beamer\beamerbasel
ocalstructure.sty"
("C:\Users\andre\AppData\Local\Programs\MiKTeX 2.9\tex/latex/tools\enumerate.st
y"
Package: enumerate 2015/07/23 v3.00 enumerate extensions (DPC)
\@enLab=\toks31
)
\c@figure=\count142
\c@table=\count143
\abovecaptionskip=\skip49
\belowcaptionskip=\skip50
)
("C:\Users\andre\AppData\Local\Programs\MiKTeX 2.9\tex/latex/beamer\beamerbasen
avigation.sty"
\beamer@section@min@dim=\dimen177
)
("C:\Users\andre\AppData\Local\Programs\MiKTeX 2.9\tex/latex/beamer\beamerbaset
heorems.sty"
("C:\Users\andre\AppData\Local\Programs\MiKTeX 2.9\tex/latex/amsmath\amsmath.st
y"
Package: amsmath 2019/04/01 v2.17c AMS math features
\@mathmargin=\skip51

For additional information on amsmath, use the `?' option.

("C:\Users\andre\AppData\Local\Programs\MiKTeX 2.9\tex/latex/amsmath\amstext.st
y"
Package: amstext 2000/06/29 v2.01 AMS text

("C:\Users\andre\AppData\Local\Programs\MiKTeX 2.9\tex/latex/amsmath\amsgen.sty
"
File: amsgen.sty 1999/11/30 v2.0 generic functions
\@emptytoks=\toks32
\ex@=\dimen178
))
("C:\Users\andre\AppData\Local\Programs\MiKTeX 2.9\tex/latex/amsmath\amsbsy.sty
"
Package: amsbsy 1999/11/29 v1.2d Bold Symbols
\pmbraise@=\dimen179
)
("C:\Users\andre\AppData\Local\Programs\MiKTeX 2.9\tex/latex/amsmath\amsopn.sty
"
Package: amsopn 2016/03/08 v2.02 operator names
)
\inf@bad=\count144
LaTeX Info: Redefining \frac on input line 227.
\uproot@=\count145
\leftroot@=\count146
LaTeX Info: Redefining \overline on input line 389.
\classnum@=\count147
\DOTSCASE@=\count148
LaTeX Info: Redefining \ldots on input line 486.
LaTeX Info: Redefining \dots on input line 489.
LaTeX Info: Redefining \cdots on input line 610.
\Mathstrutbox@=\box53
\strutbox@=\box54
\big@size=\dimen180
LaTeX Font Info:    Redeclaring font encoding OML on input line 733.
LaTeX Font Info:    Redeclaring font encoding OMS on input line 734.
\macc@depth=\count149
\c@MaxMatrixCols=\count150
\dotsspace@=\muskip11
\c@parentequation=\count151
\dspbrk@lvl=\count152
\tag@help=\toks33
\row@=\count153
\column@=\count154
\maxfields@=\count155
\andhelp@=\toks34
\eqnshift@=\dimen181
\alignsep@=\dimen182
\tagshift@=\dimen183
\tagwidth@=\dimen184
\totwidth@=\dimen185
\lineht@=\dimen186
\@envbody=\toks35
\multlinegap=\skip52
\multlinetaggap=\skip53
\mathdisplay@stack=\toks36
LaTeX Info: Redefining \[ on input line 2855.
LaTeX Info: Redefining \] on input line 2856.
)
("C:\Users\andre\AppData\Local\Programs\MiKTeX 2.9\tex/latex/amscls\amsthm.sty"
Package: amsthm 2017/10/31 v2.20.4
\thm@style=\toks37
\thm@bodyfont=\toks38
\thm@headfont=\toks39
\thm@notefont=\toks40
\thm@headpunct=\toks41
\thm@preskip=\skip54
\thm@postskip=\skip55
\thm@headsep=\skip56
\dth@everypar=\toks42
)
\c@theorem=\count156
)
("C:\Users\andre\AppData\Local\Programs\MiKTeX 2.9\tex/latex/beamer\beamerbaset
hemes.sty"))
("C:\Users\andre\AppData\Local\Programs\MiKTeX 2.9\tex/latex/beamer\beamertheme
default.sty"
("C:\Users\andre\AppData\Local\Programs\MiKTeX 2.9\tex/latex/beamer\beamerfontt
hemedefault.sty")
("C:\Users\andre\AppData\Local\Programs\MiKTeX 2.9\tex/latex/beamer\beamercolor
themedefault.sty")
("C:\Users\andre\AppData\Local\Programs\MiKTeX 2.9\tex/latex/beamer\beamerinner
themedefault.sty"
\beamer@dima=\dimen187
\beamer@dimb=\dimen188
)
("C:\Users\andre\AppData\Local\Programs\MiKTeX 2.9\tex/latex/beamer\beamerouter
themedefault.sty")))
("C:\Users\andre\AppData\Local\Programs\MiKTeX 2.9\tex/generic/babel\babel.sty"
Package: babel 2019/10/15 3.35 The Babel package
("C:\Users\andre\AppData\Local\Programs\MiKTeX 2.9\tex/generic/babel\switch.def
"
File: switch.def 2019/10/15 3.35 Babel switching mechanism
)
*************************************
* Local config file bblopts.cfg used
*
("C:\Users\andre\AppData\Local\Programs\MiKTeX 2.9\tex/latex/arabi\bblopts.cfg"
File: bblopts.cfg 2005/09/08 v0.1 add Arabic and Farsi to "declared" options of
 babel
)
("C:\Users\andre\AppData\Local\Programs\MiKTeX 2.9\tex/latex/babel-german\ngerm
an.ldf"
Language: ngerman 2018/12/08 v2.11 German support for babel (post-1996 orthogra
phy)

("C:\Users\andre\AppData\Local\Programs\MiKTeX 2.9\tex/latex/babel-german\ngerm
anb.ldf"
Language: ngermanb 2018/12/08 v2.11 German support for babel (post-1996 orthogr
aphy)

("C:\Users\andre\AppData\Local\Programs\MiKTeX 2.9\tex/generic/babel\babel.def"
File: babel.def 2019/10/15 3.35 Babel common definitions
\babel@savecnt=\count157
\U@D=\dimen189

("C:\Users\andre\AppData\Local\Programs\MiKTeX 2.9\tex/generic/babel\txtbabel.d
ef")
LaTeX Info: Redefining \textlatin on input line 2185.
\bbl@dirlevel=\count158
)
Package babel Info: Making " an active character on input line 121.
)))
("C:\Users\andre\AppData\Local\Programs\MiKTeX 2.9\tex/latex/base\inputenc.sty"
Package: inputenc 2018/08/11 v1.3c Input encoding file
\inpenc@prehook=\toks43
\inpenc@posthook=\toks44
) ("C:\Users\andre\AppData\Local\Programs\MiKTeX 2.9\tex/latex/base\fontenc.sty
"
Package: fontenc 2018/08/11 v2.0j Standard LaTeX package
 ("C:\Users\andre\AppData\Local\Programs\MiKTeX 2.9\tex/latex/base\t1enc.def"
File: t1enc.def 2018/08/11 v2.0j Standard LaTeX file
LaTeX Font Info:    Redeclaring font encoding T1 on input line 48.
)) ("C:\Users\andre\AppData\Local\Programs\MiKTeX 2.9\tex/latex/lm\lmodern.sty"
Package: lmodern 2009/10/30 v1.6 Latin Modern Fonts
LaTeX Font Info:    Overwriting symbol font `operators' in version `normal'
(Font)                  OT1/cmr/m/n --> OT1/lmr/m/n on input line 22.
LaTeX Font Info:    Overwriting symbol font `letters' in version `normal'
(Font)                  OML/cmm/m/it --> OML/lmm/m/it on input line 23.
LaTeX Font Info:    Overwriting symbol font `symbols' in version `normal'
(Font)                  OMS/cmsy/m/n --> OMS/lmsy/m/n on input line 24.
LaTeX Font Info:    Overwriting symbol font `largesymbols' in version `normal'
(Font)                  OMX/cmex/m/n --> OMX/lmex/m/n on input line 25.
LaTeX Font Info:    Overwriting symbol font `operators' in version `bold'
(Font)                  OT1/cmr/bx/n --> OT1/lmr/bx/n on input line 26.
LaTeX Font Info:    Overwriting symbol font `letters' in version `bold'
(Font)                  OML/cmm/b/it --> OML/lmm/b/it on input line 27.
LaTeX Font Info:    Overwriting symbol font `symbols' in version `bold'
(Font)                  OMS/cmsy/b/n --> OMS/lmsy/b/n on input line 28.
LaTeX Font Info:    Overwriting symbol font `largesymbols' in version `bold'
(Font)                  OMX/cmex/m/n --> OMX/lmex/m/n on input line 29.
LaTeX Font Info:    Overwriting math alphabet `\mathbf' in version `normal'
(Font)                  OT1/cmr/bx/n --> OT1/lmr/bx/n on input line 31.
LaTeX Font Info:    Overwriting math alphabet `\mathsf' in version `normal'
(Font)                  OT1/cmss/m/n --> OT1/lmss/m/n on input line 32.
LaTeX Font Info:    Overwriting math alphabet `\mathit' in version `normal'
(Font)                  OT1/cmr/m/it --> OT1/lmr/m/it on input line 33.
LaTeX Font Info:    Overwriting math alphabet `\mathtt' in version `normal'
(Font)                  OT1/cmtt/m/n --> OT1/lmtt/m/n on input line 34.
LaTeX Font Info:    Overwriting math alphabet `\mathbf' in version `bold'
(Font)                  OT1/cmr/bx/n --> OT1/lmr/bx/n on input line 35.
LaTeX Font Info:    Overwriting math alphabet `\mathsf' in version `bold'
(Font)                  OT1/cmss/bx/n --> OT1/lmss/bx/n on input line 36.
LaTeX Font Info:    Overwriting math alphabet `\mathit' in version `bold'
(Font)                  OT1/cmr/bx/it --> OT1/lmr/bx/it on input line 37.
LaTeX Font Info:    Overwriting math alphabet `\mathtt' in version `bold'
(Font)                  OT1/cmtt/m/n --> OT1/lmtt/m/n on input line 38.
) ("C:\Users\andre\AppData\Local\Programs\MiKTeX 2.9\tex/latex/tools\multicol.s
ty"
Package: multicol 2019/03/01 v1.8w multicolumn formatting (FMi)
\c@tracingmulticols=\count159
\mult@box=\box55
\multicol@leftmargin=\dimen190
\c@unbalance=\count160
\c@collectmore=\count161
\doublecol@number=\count162
\multicoltolerance=\count163
\multicolpretolerance=\count164
\full@width=\dimen191
\page@free=\dimen192
\premulticols=\dimen193
\postmulticols=\dimen194
\multicolsep=\skip57
\multicolbaselineskip=\skip58
\partial@page=\box56
\last@line=\box57
\maxbalancingoverflow=\dimen195
\mult@rightbox=\box58
\mult@grightbox=\box59
\mult@gfirstbox=\box60
\mult@firstbox=\box61
\@tempa=\box62
\@tempa=\box63
\@tempa=\box64
\@tempa=\box65
\@tempa=\box66
\@tempa=\box67
\@tempa=\box68
\@tempa=\box69
\@tempa=\box70
\@tempa=\box71
\@tempa=\box72
\@tempa=\box73
\@tempa=\box74
\@tempa=\box75
\@tempa=\box76
\@tempa=\box77
\@tempa=\box78
\c@minrows=\count165
\c@columnbadness=\count166
\c@finalcolumnbadness=\count167
\last@try=\dimen196
\multicolovershoot=\dimen197
\multicolundershoot=\dimen198
\mult@nat@firstbox=\box79
\colbreak@box=\box80
\mc@col@check@num=\count168
)
("C:\Users\andre\AppData\Local\Programs\MiKTeX 2.9\tex/latex/beamer\beamertheme
Singapore.sty"
("C:\Users\andre\AppData\Local\Programs\MiKTeX 2.9\tex/latex/beamer\beamerouter
thememiniframes.sty")) (presentation.aux

LaTeX Warning: Label `fig:SuchbaumEinfügen' multiply defined.

)
\openout1 = `presentation.aux'.

LaTeX Font Info:    Checking defaults for OML/cmm/m/it on input line 8.
LaTeX Font Info:    ... okay on input line 8.
LaTeX Font Info:    Checking defaults for T1/cmr/m/n on input line 8.
LaTeX Font Info:    ... okay on input line 8.
LaTeX Font Info:    Checking defaults for OT1/cmr/m/n on input line 8.
LaTeX Font Info:    ... okay on input line 8.
LaTeX Font Info:    Checking defaults for OMS/cmsy/m/n on input line 8.
LaTeX Font Info:    ... okay on input line 8.
LaTeX Font Info:    Checking defaults for OMX/cmex/m/n on input line 8.
LaTeX Font Info:    ... okay on input line 8.
LaTeX Font Info:    Checking defaults for U/cmr/m/n on input line 8.
LaTeX Font Info:    ... okay on input line 8.
LaTeX Font Info:    Checking defaults for PD1/pdf/m/n on input line 8.
LaTeX Font Info:    ... okay on input line 8.
LaTeX Font Info:    Trying to load font information for T1+lmss on input line 8
.
 ("C:\Users\andre\AppData\Local\Programs\MiKTeX 2.9\tex/latex/lm\t1lmss.fd"
File: t1lmss.fd 2009/10/30 v1.6 Font defs for Latin Modern
)
*geometry* driver: auto-detecting
*geometry* detected driver: pdftex
*geometry* verbose mode - [ preamble ] result:
* driver: pdftex
* paper: custom
* layout: <same size as paper>
* layoutoffset:(h,v)=(0.0pt,0.0pt)
* modes: includehead includefoot 
* h-part:(L,W,R)=(28.45274pt, 307.28987pt, 28.45274pt)
* v-part:(T,H,B)=(0.0pt, 273.14662pt, 0.0pt)
* \paperwidth=364.19536pt
* \paperheight=273.14662pt
* \textwidth=307.28987pt
* \textheight=244.6939pt
* \oddsidemargin=-43.81725pt
* \evensidemargin=-43.81725pt
* \topmargin=-72.26999pt
* \headheight=14.22636pt
* \headsep=0.0pt
* \topskip=11.0pt
* \footskip=14.22636pt
* \marginparwidth=4.0pt
* \marginparsep=10.0pt
* \columnsep=10.0pt
* \skip\footins=10.0pt plus 4.0pt minus 2.0pt
* \hoffset=0.0pt
* \voffset=0.0pt
* \mag=1000
* \@twocolumnfalse
* \@twosidefalse
* \@mparswitchfalse
* \@reversemarginfalse
* (1in=72.27pt=25.4mm, 1cm=28.453pt)


("C:\Users\andre\AppData\Local\Programs\MiKTeX 2.9\tex/context/base/mkii\supp-p
df.mkii"
[Loading MPS to PDF converter (version 2006.09.02).]
\scratchcounter=\count169
\scratchdimen=\dimen199
\scratchbox=\box81
\nofMPsegments=\count170
\nofMParguments=\count171
\everyMPshowfont=\toks45
\MPscratchCnt=\count172
\MPscratchDim=\dimen256
\MPnumerator=\count173
\makeMPintoPDFobject=\count174
\everyMPtoPDFconversion=\toks46
)
("C:\Users\andre\AppData\Local\Programs\MiKTeX 2.9\tex/latex/oberdiek\epstopdf-
base.sty"
Package: epstopdf-base 2016/05/15 v2.6 Base part for package epstopdf

("C:\Users\andre\AppData\Local\Programs\MiKTeX 2.9\tex/latex/oberdiek\grfext.st
y"
Package: grfext 2016/05/16 v1.2 Manage graphics extensions (HO)
)
Package epstopdf-base Info: Redefining graphics rule for `.eps' on input line 4
38.
Package grfext Info: Graphics extension search list:
(grfext)             [.pdf,.png,.jpg,.mps,.jpeg,.jbig2,.jb2,.PDF,.PNG,.JPG,.JPE
G,.JBIG2,.JB2,.eps]
(grfext)             \AppendGraphicsExtensions on input line 456.
) ABD: EveryShipout initializing macros
\AtBeginShipoutBox=\box82
Package hyperref Info: Link coloring OFF on input line 8.

("C:\Users\andre\AppData\Local\Programs\MiKTeX 2.9\tex/latex/hyperref\nameref.s
ty"
Package: nameref 2019/09/16 v2.46 Cross-referencing by name of section

("C:\Users\andre\AppData\Local\Programs\MiKTeX 2.9\tex/latex/oberdiek\refcount.
sty"
Package: refcount 2016/05/16 v3.5 Data extraction from label references (HO)
)
("C:\Users\andre\AppData\Local\Programs\MiKTeX 2.9\tex/generic/oberdiek\gettitl
estring.sty"
Package: gettitlestring 2016/05/16 v1.5 Cleanup title references (HO)
)
\c@section@level=\count175
)
LaTeX Info: Redefining \ref on input line 8.
LaTeX Info: Redefining \pageref on input line 8.
LaTeX Info: Redefining \nameref on input line 8.
 (presentation.out) (presentation.out)
\@outlinefile=\write5
\openout5 = `presentation.out'.

LaTeX Font Info:    Overwriting symbol font `operators' in version `normal'
(Font)                  OT1/lmr/m/n --> OT1/cmss/m/n on input line 8.
LaTeX Font Info:    Overwriting symbol font `operators' in version `bold'
(Font)                  OT1/lmr/bx/n --> OT1/cmss/bx/n on input line 8.
LaTeX Font Info:    Overwriting symbol font `operators' in version `normal'
(Font)                  OT1/cmss/m/n --> OT1/lmss/m/n on input line 8.
LaTeX Font Info:    Overwriting symbol font `operators' in version `bold'
(Font)                  OT1/cmss/bx/n --> OT1/lmss/bx/n on input line 8.
\symnumbers=\mathgroup6
\sympureletters=\mathgroup7
LaTeX Font Info:    Overwriting math alphabet `\mathrm' in version `normal'
(Font)                  OT1/lmss/m/n --> T1/lmr/m/n on input line 8.
LaTeX Font Info:    Redeclaring math alphabet \mathbf on input line 8.
LaTeX Font Info:    Overwriting math alphabet `\mathbf' in version `normal'
(Font)                  OT1/lmr/bx/n --> T1/lmss/bx/n on input line 8.
LaTeX Font Info:    Overwriting math alphabet `\mathbf' in version `bold'
(Font)                  OT1/lmr/bx/n --> T1/lmss/bx/n on input line 8.
LaTeX Font Info:    Redeclaring math alphabet \mathsf on input line 8.
LaTeX Font Info:    Overwriting math alphabet `\mathsf' in version `normal'
(Font)                  OT1/lmss/m/n --> T1/lmss/m/n on input line 8.
LaTeX Font Info:    Overwriting math alphabet `\mathsf' in version `bold'
(Font)                  OT1/lmss/bx/n --> T1/lmss/m/n on input line 8.
LaTeX Font Info:    Redeclaring math alphabet \mathit on input line 8.
LaTeX Font Info:    Overwriting math alphabet `\mathit' in version `normal'
(Font)                  OT1/lmr/m/it --> T1/lmss/m/it on input line 8.
LaTeX Font Info:    Overwriting math alphabet `\mathit' in version `bold'
(Font)                  OT1/lmr/bx/it --> T1/lmss/m/it on input line 8.
LaTeX Font Info:    Redeclaring math alphabet \mathtt on input line 8.
LaTeX Font Info:    Overwriting math alphabet `\mathtt' in version `normal'
(Font)                  OT1/lmtt/m/n --> T1/lmtt/m/n on input line 8.
LaTeX Font Info:    Overwriting math alphabet `\mathtt' in version `bold'
(Font)                  OT1/lmtt/m/n --> T1/lmtt/m/n on input line 8.
LaTeX Font Info:    Overwriting symbol font `numbers' in version `bold'
(Font)                  T1/lmss/m/n --> T1/lmss/bx/n on input line 8.
LaTeX Font Info:    Overwriting symbol font `pureletters' in version `bold'
(Font)                  T1/lmss/m/it --> T1/lmss/bx/it on input line 8.
LaTeX Font Info:    Overwriting math alphabet `\mathrm' in version `bold'
(Font)                  OT1/lmss/bx/n --> T1/lmr/bx/n on input line 8.
LaTeX Font Info:    Overwriting math alphabet `\mathbf' in version `bold'
(Font)                  T1/lmss/bx/n --> T1/lmss/bx/n on input line 8.
LaTeX Font Info:    Overwriting math alphabet `\mathsf' in version `bold'
(Font)                  T1/lmss/m/n --> T1/lmss/bx/n on input line 8.
LaTeX Font Info:    Overwriting math alphabet `\mathit' in version `bold'
(Font)                  T1/lmss/m/it --> T1/lmss/bx/it on input line 8.
LaTeX Font Info:    Overwriting math alphabet `\mathtt' in version `bold'
(Font)                  T1/lmtt/m/n --> T1/lmtt/bx/n on input line 8.

("C:\Users\andre\AppData\Local\Programs\MiKTeX 2.9\tex/latex/translator\transla
tor-basic-dictionary-English.dict"
Dictionary: translator-basic-dictionary, Language: English 
)
("C:\Users\andre\AppData\Local\Programs\MiKTeX 2.9\tex/latex/translator\transla
tor-bibliography-dictionary-English.dict"
Dictionary: translator-bibliography-dictionary, Language: English 
)
("C:\Users\andre\AppData\Local\Programs\MiKTeX 2.9\tex/latex/translator\transla
tor-environment-dictionary-English.dict"
Dictionary: translator-environment-dictionary, Language: English 
)
("C:\Users\andre\AppData\Local\Programs\MiKTeX 2.9\tex/latex/translator\transla
tor-months-dictionary-English.dict"
Dictionary: translator-months-dictionary, Language: English 
)
("C:\Users\andre\AppData\Local\Programs\MiKTeX 2.9\tex/latex/translator\transla
tor-numbers-dictionary-English.dict"
Dictionary: translator-numbers-dictionary, Language: English 
)
("C:\Users\andre\AppData\Local\Programs\MiKTeX 2.9\tex/latex/translator\transla
tor-theorem-dictionary-English.dict"
Dictionary: translator-theorem-dictionary, Language: English 
) (presentation.nav)

Package hyperref Warning: Option `pdfauthor' has already been used,
(hyperref)                setting the option has no effect on input line 9.

[1{C:/Users/andre/AppData/Local/MiKTeX/2.9/pdftex/config/pdftex.map}

]
(presentation.toc) [2

]
LaTeX Font Info:    Trying to load font information for OT1+lmss on input line 
40.

("C:\Users\andre\AppData\Local\Programs\MiKTeX 2.9\tex/latex/lm\ot1lmss.fd"
File: ot1lmss.fd 2009/10/30 v1.6 Font defs for Latin Modern
)
LaTeX Font Info:    Trying to load font information for OML+lmm on input line 4
0.

("C:\Users\andre\AppData\Local\Programs\MiKTeX 2.9\tex/latex/lm\omllmm.fd"
File: omllmm.fd 2009/10/30 v1.6 Font defs for Latin Modern
)
LaTeX Font Info:    Trying to load font information for OMS+lmsy on input line 
40.

("C:\Users\andre\AppData\Local\Programs\MiKTeX 2.9\tex/latex/lm\omslmsy.fd"
File: omslmsy.fd 2009/10/30 v1.6 Font defs for Latin Modern
)
LaTeX Font Info:    Trying to load font information for OMX+lmex on input line 
40.

("C:\Users\andre\AppData\Local\Programs\MiKTeX 2.9\tex/latex/lm\omxlmex.fd"
File: omxlmex.fd 2009/10/30 v1.6 Font defs for Latin Modern
)
LaTeX Font Info:    External font `lmex10' loaded for size
(Font)              <10.95> on input line 40.
LaTeX Font Info:    External font `lmex10' loaded for size
(Font)              <8> on input line 40.
LaTeX Font Info:    External font `lmex10' loaded for size
(Font)              <6> on input line 40.
LaTeX Font Info:    Trying to load font information for U+msa on input line 40.


("C:\Users\andre\AppData\Local\Programs\MiKTeX 2.9\tex/latex/amsfonts\umsa.fd"
File: umsa.fd 2013/01/14 v3.01 AMS symbols A
)
LaTeX Font Info:    Trying to load font information for U+msb on input line 40.

("C:\Users\andre\AppData\Local\Programs\MiKTeX 2.9\tex/latex/amsfonts\umsb.fd"
File: umsb.fd 2013/01/14 v3.01 AMS symbols B
)
LaTeX Font Info:    Font shape `T1/lmss/m/it' in size <10.95> not available
(Font)              Font shape `T1/lmss/m/sl' tried instead on input line 40.
LaTeX Font Info:    Font shape `T1/lmss/m/it' in size <8> not available
(Font)              Font shape `T1/lmss/m/sl' tried instead on input line 40.
LaTeX Font Info:    Font shape `T1/lmss/m/it' in size <6> not available
(Font)              Font shape `T1/lmss/m/sl' tried instead on input line 40.
<bilder/suchbaumIO.jpeg, id=325, 425.33907pt x 318.43968pt>
File: bilder/suchbaumIO.jpeg Graphic file (type jpg)
<use bilder/suchbaumIO.jpeg>
Package pdftex.def Info: bilder/suchbaumIO.jpeg  used on input line 40.
(pdftex.def)             Requested size: 230.46739pt x 172.54765pt.
[3

 <./bilder/suchbaumIO.jpeg>]
<bilder/suchbaumNIO.jpeg, id=411, 484.05844pt x 318.43968pt>
File: bilder/suchbaumNIO.jpeg Graphic file (type jpg)
<use bilder/suchbaumNIO.jpeg>
Package pdftex.def Info: bilder/suchbaumNIO.jpeg  used on input line 53.
(pdftex.def)             Requested size: 230.46739pt x 151.61513pt.
 [4

 <./bilder/suchbaumNIO.jpeg>]
<bilder/binSuchSuchpfad.jpeg, id=496, 815.29594pt x 453.94594pt>
File: bilder/binSuchSuchpfad.jpeg Graphic file (type jpg)
<use bilder/binSuchSuchpfad.jpeg>
Package pdftex.def Info: bilder/binSuchSuchpfad.jpeg  used on input line 64.
(pdftex.def)             Requested size: 230.46739pt x 128.32307pt.
 [5

 <./bilder/binSuchSuchpfad.jpeg>]
<bilder/binSuchSuchpfad2.jpeg, id=582, 815.29594pt x 453.94594pt>
File: bilder/binSuchSuchpfad2.jpeg Graphic file (type jpg)
<use bilder/binSuchSuchpfad2.jpeg>
Package pdftex.def Info: bilder/binSuchSuchpfad2.jpeg  used on input line 75.
(pdftex.def)             Requested size: 230.46739pt x 128.32307pt.
pdfTeX warning (ext4): destination with the same identifier (name{fig:SuchbaumE
inf\303\274gen}) has been already used, duplicate ignored
<to be read again> 
                   \relax 
l.75 		\end{frame}
                   [6

 <./bilder/binSuchSuchpfad2.jpeg>]
<bilder/SuchbaumEinfügen.jpeg, id=667, 815.29594pt x 453.94594pt>
File: bilder/SuchbaumEinfügen.jpeg Graphic file (type jpg)
<use bilder/SuchbaumEinfügen.jpeg>
Package pdftex.def Info: bilder/SuchbaumEinfügen.jpeg  used on input line 86.
(pdftex.def)             Requested size: 230.46739pt x 128.32307pt.
 [7

 <./bilder/SuchbaumEinfügen.jpeg>]
<bilder/SuchbaumEinfügen2.jpeg, id=753, 815.29594pt x 453.94594pt>
File: bilder/SuchbaumEinfügen2.jpeg Graphic file (type jpg)
<use bilder/SuchbaumEinfügen2.jpeg>
Package pdftex.def Info: bilder/SuchbaumEinfügen2.jpeg  used on input line 98.

(pdftex.def)             Requested size: 230.46739pt x 128.32307pt.
 [8

 <./bilder/SuchbaumEinfügen2.jpeg>]
<bilder/SuchbaumEinfügen3.jpeg, id=838, 815.29594pt x 453.94594pt>
File: bilder/SuchbaumEinfügen3.jpeg Graphic file (type jpg)
<use bilder/SuchbaumEinfügen3.jpeg>
Package pdftex.def Info: bilder/SuchbaumEinfügen3.jpeg  used on input line 108
.
(pdftex.def)             Requested size: 230.46739pt x 128.32307pt.
 [9

 <./bilder/SuchbaumEinfügen3.jpeg>]
<bilder/SuchbaumEingabefolge.jpeg, id=923, 815.29594pt x 378.66469pt>
File: bilder/SuchbaumEingabefolge.jpeg Graphic file (type jpg)
<use bilder/SuchbaumEingabefolge.jpeg>
Package pdftex.def Info: bilder/SuchbaumEingabefolge.jpeg  used on input line 1
20.
(pdftex.def)             Requested size: 230.46739pt x 107.0423pt.
 [10

 <./bilder/SuchbaumEingabefolge.jpeg>] [11

] [12

] [13

] [14

]
(presentation.toc) [15

] [16

]
LaTeX Font Info:    External font `lmex10' loaded for size
(Font)              <10> on input line 175.
LaTeX Font Info:    External font `lmex10' loaded for size
(Font)              <7> on input line 175.
LaTeX Font Info:    External font `lmex10' loaded for size
(Font)              <5> on input line 175.
LaTeX Font Info:    Font shape `T1/lmss/m/it' in size <10> not available
(Font)              Font shape `T1/lmss/m/sl' tried instead on input line 175.
LaTeX Font Info:    Font shape `T1/lmss/m/it' in size <7> not available
(Font)              Font shape `T1/lmss/m/sl' tried instead on input line 175.
LaTeX Font Info:    Font shape `T1/lmss/m/it' in size <5> not available
(Font)              Font shape `T1/lmss/m/sl' tried instead on input line 175.
 [17

] [18

] [19

] [20

]
<bilder/zigRotation.jpeg, id=1859, 920.68968pt x 318.43968pt>
File: bilder/zigRotation.jpeg Graphic file (type jpg)
<use bilder/zigRotation.jpeg>
Package pdftex.def Info: bilder/zigRotation.jpeg  used on input line 190.
(pdftex.def)             Requested size: 230.46739pt x 79.71176pt.
 [21

 <./bilder/zigRotation.jpeg>]
File: bilder/zigRotation.jpeg Graphic file (type jpg)
<use bilder/zigRotation.jpeg>
Package pdftex.def Info: bilder/zigRotation.jpeg  used on input line 190.
(pdftex.def)             Requested size: 230.46739pt x 79.71176pt.
 [22

]
<bilder/zagRotation.jpeg, id=2029, 920.68968pt x 318.43968pt>
File: bilder/zagRotation.jpeg Graphic file (type jpg)
<use bilder/zagRotation.jpeg>
Package pdftex.def Info: bilder/zagRotation.jpeg  used on input line 206.
(pdftex.def)             Requested size: 230.46739pt x 79.71176pt.
 [23

 <./bilder/zagRotation.jpeg>]
File: bilder/zagRotation.jpeg Graphic file (type jpg)
<use bilder/zagRotation.jpeg>
Package pdftex.def Info: bilder/zagRotation.jpeg  used on input line 206.
(pdftex.def)             Requested size: 230.46739pt x 79.71176pt.
 [24

]
<bilder/zigzagRotation.jpeg, id=2199, 922.19531pt x 423.83344pt>
File: bilder/zigzagRotation.jpeg Graphic file (type jpg)
<use bilder/zigzagRotation.jpeg>
Package pdftex.def Info: bilder/zigzagRotation.jpeg  used on input line 220.
(pdftex.def)             Requested size: 230.46739pt x 105.91928pt.
 [25

 <./bilder/zigzagRotation.jpeg>]
File: bilder/zigzagRotation.jpeg Graphic file (type jpg)
<use bilder/zigzagRotation.jpeg>
Package pdftex.def Info: bilder/zigzagRotation.jpeg  used on input line 220.
(pdftex.def)             Requested size: 230.46739pt x 105.91928pt.
 [26

]
<bilder/zagzigRotation.jpeg, id=2370, 921.4425pt x 423.83344pt>
File: bilder/zagzigRotation.jpeg Graphic file (type jpg)
<use bilder/zagzigRotation.jpeg>
Package pdftex.def Info: bilder/zagzigRotation.jpeg  used on input line 237.
(pdftex.def)             Requested size: 230.46739pt x 106.00336pt.
 [27

 <./bilder/zagzigRotation.jpeg>]
File: bilder/zagzigRotation.jpeg Graphic file (type jpg)
<use bilder/zagzigRotation.jpeg>
Package pdftex.def Info: bilder/zagzigRotation.jpeg  used on input line 237.
(pdftex.def)             Requested size: 230.46739pt x 106.00336pt.
 [28

]
<bilder/zigzigRotation.jpeg, id=2540, 1056.94875pt x 424.58624pt>
File: bilder/zigzigRotation.jpeg Graphic file (type jpg)
<use bilder/zigzigRotation.jpeg>
Package pdftex.def Info: bilder/zigzigRotation.jpeg  used on input line 251.
(pdftex.def)             Requested size: 230.46739pt x 92.57999pt.
 [29

 <./bilder/zigzigRotation.jpeg>]
File: bilder/zigzigRotation.jpeg Graphic file (type jpg)
<use bilder/zigzigRotation.jpeg>
Package pdftex.def Info: bilder/zigzigRotation.jpeg  used on input line 251.
(pdftex.def)             Requested size: 230.46739pt x 92.57999pt.
 [30

]
<bilder/zagzagRotation.jpeg, id=2710, 1026.08344pt x 414.79968pt>
File: bilder/zagzagRotation.jpeg Graphic file (type jpg)
<use bilder/zagzagRotation.jpeg>
Package pdftex.def Info: bilder/zagzagRotation.jpeg  used on input line 267.
(pdftex.def)             Requested size: 230.46739pt x 93.16766pt.
 [31

 <./bilder/zagzagRotation.jpeg>]
File: bilder/zagzagRotation.jpeg Graphic file (type jpg)
<use bilder/zagzagRotation.jpeg>
Package pdftex.def Info: bilder/zagzagRotation.jpeg  used on input line 267.
(pdftex.def)             Requested size: 230.46739pt x 93.16766pt.
 [32

]
<bilder/splayGesamt1.jpeg, id=2881, 815.29594pt x 815.29594pt>
File: bilder/splayGesamt1.jpeg Graphic file (type jpg)
<use bilder/splayGesamt1.jpeg>
Package pdftex.def Info: bilder/splayGesamt1.jpeg  used on input line 280.
(pdftex.def)             Requested size: 153.63892pt x 153.64493pt.
 [33

 <./bilder/splayGesamt1.jpeg>]
File: bilder/splayGesamt1.jpeg Graphic file (type jpg)
<use bilder/splayGesamt1.jpeg>
Package pdftex.def Info: bilder/splayGesamt1.jpeg  used on input line 280.
(pdftex.def)             Requested size: 153.63892pt x 153.64493pt.
 [34

]
<bilder/splayGesamt2.jpeg, id=3051, 815.29594pt x 800.23969pt>
File: bilder/splayGesamt2.jpeg Graphic file (type jpg)
<use bilder/splayGesamt2.jpeg>
Package pdftex.def Info: bilder/splayGesamt2.jpeg  used on input line 291.
(pdftex.def)             Requested size: 156.52509pt x 153.64493pt.
 [35

 <./bilder/splayGesamt2.jpeg>]
<bilder/halberPfad1.jpg, id=3136, 545.03625pt x 277.035pt>
File: bilder/halberPfad1.jpg Graphic file (type jpg)
<use bilder/halberPfad1.jpg>
Package pdftex.def Info: bilder/halberPfad1.jpg  used on input line 306.
(pdftex.def)             Requested size: 302.28247pt x 153.64493pt.
 [36

 <./bilder/halberPfad1.jpg>]
File: bilder/halberPfad1.jpg Graphic file (type jpg)
<use bilder/halberPfad1.jpg>
Package pdftex.def Info: bilder/halberPfad1.jpg  used on input line 306.
(pdftex.def)             Requested size: 302.28247pt x 153.64493pt.

[37

] [38

]
<bilder/suchen.jpeg, id=3391, 816.04875pt x 892.83563pt>
File: bilder/suchen.jpeg Graphic file (type jpg)
<use bilder/suchen.jpeg>
Package pdftex.def Info: bilder/suchen.jpeg  used on input line 333.
(pdftex.def)             Requested size: 140.4199pt x 153.64493pt.
 [39

 <./bilder/suchen.jpeg>]
File: bilder/suchen.jpeg Graphic file (type jpg)
<use bilder/suchen.jpeg>
Package pdftex.def Info: bilder/suchen.jpeg  used on input line 333.
(pdftex.def)             Requested size: 140.4199pt x 153.64493pt.
 [40

]
<bilder/suchen1.jpeg, id=3561, 815.29594pt x 423.83344pt>
File: bilder/suchen1.jpeg Graphic file (type jpg)
<use bilder/suchen1.jpeg>
Package pdftex.def Info: bilder/suchen1.jpeg  used on input line 347.
(pdftex.def)             Requested size: 295.54654pt x 153.64493pt.
 [41

 <./bilder/suchen1.jpeg>]
[42

]
<bilder/aufteilen.jpeg, id=3730, 817.55438pt x 711.4078pt>
File: bilder/aufteilen.jpeg Graphic file (type jpg)
<use bilder/aufteilen.jpeg>
Package pdftex.def Info: bilder/aufteilen.jpeg  used on input line 378.
(pdftex.def)             Requested size: 176.56915pt x 153.64493pt.
 [43

 <./bilder/aufteilen.jpeg>]
File: bilder/aufteilen.jpeg Graphic file (type jpg)
<use bilder/aufteilen.jpeg>
Package pdftex.def Info: bilder/aufteilen.jpeg  used on input line 378.
(pdftex.def)             Requested size: 176.56915pt x 153.64493pt.
 [44

]
<bilder/aufteilen1.jpeg, id=3901, 817.55438pt x 710.655pt>
File: bilder/aufteilen1.jpeg Graphic file (type jpg)
<use bilder/aufteilen1.jpeg>
Package pdftex.def Info: bilder/aufteilen1.jpeg  used on input line 392.
(pdftex.def)             Requested size: 176.75627pt x 153.64493pt.
 [45

 <./bilder/aufteilen1.jpeg>]
[46

]
<bilder/vereinigen.jpeg, id=4070, 815.29594pt x 724.95844pt>
File: bilder/vereinigen.jpeg Graphic file (type jpg)
<use bilder/vereinigen.jpeg>
Package pdftex.def Info: bilder/vereinigen.jpeg  used on input line 425.
(pdftex.def)             Requested size: 138.22527pt x 122.91406pt.
 [47

 <./bilder/vereinigen.jpeg>]
File: bilder/vereinigen.jpeg Graphic file (type jpg)
<use bilder/vereinigen.jpeg>
Package pdftex.def Info: bilder/vereinigen.jpeg  used on input line 425.
(pdftex.def)             Requested size: 138.22527pt x 122.91406pt.
 [48

]
<bilder/vereinigen1.jpeg, id=4243, 815.29594pt x 724.95844pt>
File: bilder/vereinigen1.jpeg Graphic file (type jpg)
<use bilder/vereinigen1.jpeg>
Package pdftex.def Info: bilder/vereinigen1.jpeg  used on input line 443.
(pdftex.def)             Requested size: 138.22527pt x 122.91406pt.

Overfull \vbox (1.92969pt too high) detected at line 443
 []

[49

 <./bilder/vereinigen1.jpeg>] [50

]
<bilder/einfügen.jpeg, id=4413, 815.29594pt x 740.0147pt>
File: bilder/einfügen.jpeg Graphic file (type jpg)
<use bilder/einfügen.jpeg>
Package pdftex.def Info: bilder/einfügen.jpeg  used on input line 471.
(pdftex.def)             Requested size: 169.27649pt x 153.64493pt.
 [51

 <./bilder/einfügen.jpeg>]
File: bilder/einfügen.jpeg Graphic file (type jpg)
<use bilder/einfügen.jpeg>
Package pdftex.def Info: bilder/einfügen.jpeg  used on input line 471.
(pdftex.def)             Requested size: 169.27649pt x 153.64493pt.
 [52

]
<bilder/einfügen1.jpeg, id=4583, 815.29594pt x 755.07094pt>
File: bilder/einfügen1.jpeg Graphic file (type jpg)
<use bilder/einfügen1.jpeg>
Package pdftex.def Info: bilder/einfügen1.jpeg  used on input line 485.
(pdftex.def)             Requested size: 165.8927pt x 153.64493pt.

[53

 <./bilder/einfügen1.jpeg>] [54

]
<bilder/löschen.jpeg, id=4752, 815.29594pt x 755.07094pt>
File: bilder/löschen.jpeg Graphic file (type jpg)
<use bilder/löschen.jpeg>
Package pdftex.def Info: bilder/löschen.jpeg  used on input line 516.
(pdftex.def)             Requested size: 165.8927pt x 153.64493pt.
 [55

 <./bilder/löschen.jpeg>]
File: bilder/löschen.jpeg Graphic file (type jpg)
<use bilder/löschen.jpeg>
Package pdftex.def Info: bilder/löschen.jpeg  used on input line 516.
(pdftex.def)             Requested size: 165.8927pt x 153.64493pt.
 [56

]
<bilder/löschen1.jpeg, id=4923, 816.04875pt x 664.73344pt>
File: bilder/löschen1.jpeg Graphic file (type jpg)
<use bilder/löschen1.jpeg>
Package pdftex.def Info: bilder/löschen1.jpeg  used on input line 532.
(pdftex.def)             Requested size: 188.62115pt x 153.64493pt.

[57

 <./bilder/löschen1.jpeg>]
<bilder/löschen2.jpeg, id=5008, 816.04875pt x 664.73344pt>
File: bilder/löschen2.jpeg Graphic file (type jpg)
<use bilder/löschen2.jpeg>
Package pdftex.def Info: bilder/löschen2.jpeg  used on input line 547.
(pdftex.def)             Requested size: 169.75655pt x 138.2795pt.
 [58

 <./bilder/löschen2.jpeg>] (presentation.toc) [59

]
<bilder/suchbaumhoeen.jpeg, id=5182, 378.66469pt x 243.15843pt>
File: bilder/suchbaumhoeen.jpeg Graphic file (type jpg)
<use bilder/suchbaumhoeen.jpeg>
Package pdftex.def Info: bilder/suchbaumhoeen.jpeg  used on input line 562.
(pdftex.def)             Requested size: 215.33842pt x 138.2795pt.
 [60

 <./bilder/suchbaumhoeen.jpeg>]
<bilder/einzelop.jpg, id=5267, 496.254pt x 191.5155pt>
File: bilder/einzelop.jpg Graphic file (type jpg)
<use bilder/einzelop.jpg>
Package pdftex.def Info: bilder/einzelop.jpg  used on input line 574.
(pdftex.def)             Requested size: 245.83282pt x 94.87204pt.
 [61

 <./bilder/einzelop.jpg>]
File: bilder/einzelop.jpg Graphic file (type jpg)
<use bilder/einzelop.jpg>
Package pdftex.def Info: bilder/einzelop.jpg  used on input line 574.
(pdftex.def)             Requested size: 245.83282pt x 94.87204pt.
 [62

]
[63

] [64

] [65

] [66

] [67

]
<bilder/bankkontomethode.jpeg, id=5865, 770.12718pt x 349.305pt>
File: bilder/bankkontomethode.jpeg Graphic file (type jpg)
<use bilder/bankkontomethode.jpeg>
Package pdftex.def Info: bilder/bankkontomethode.jpeg  used on input line 629.
(pdftex.def)             Requested size: 245.83282pt x 111.49739pt.
 [68

 <./bilder/bankkontomethode.jpeg>] [69

] [70

]
[71

] [72

] [73

] [74

] [75

] [76

]
File: bilder/zigzigRotation.jpeg Graphic file (type jpg)
<use bilder/zigzigRotation.jpeg>
Package pdftex.def Info: bilder/zigzigRotation.jpeg  used on input line 694.
(pdftex.def)             Requested size: 230.46739pt x 92.57999pt.
 [77

]
File: bilder/zigzigRotation.jpeg Graphic file (type jpg)
<use bilder/zigzigRotation.jpeg>
Package pdftex.def Info: bilder/zigzigRotation.jpeg  used on input line 694.
(pdftex.def)             Requested size: 230.46739pt x 92.57999pt.
 [78

]
File: bilder/zigzigRotation.jpeg Graphic file (type jpg)
<use bilder/zigzigRotation.jpeg>
Package pdftex.def Info: bilder/zigzigRotation.jpeg  used on input line 706.
(pdftex.def)             Requested size: 230.46739pt x 92.57999pt.
 [79

]
File: bilder/zigzigRotation.jpeg Graphic file (type jpg)
<use bilder/zigzigRotation.jpeg>
Package pdftex.def Info: bilder/zigzigRotation.jpeg  used on input line 721.
(pdftex.def)             Requested size: 230.46739pt x 92.57999pt.
 [80

] [81

] [82

] [83

] [84

]
(presentation.toc) [85

] [86

] [87

] [88

] [89

] [90

]
\tf@nav=\write6
\openout6 = `presentation.nav'.

\tf@toc=\write7
\openout7 = `presentation.toc'.

\tf@snm=\write8
\openout8 = `presentation.snm'.

Package atveryend Info: Empty hook `BeforeClearDocument' on input line 778.
Package atveryend Info: Empty hook `AfterLastShipout' on input line 778.
 (presentation.aux)
Package atveryend Info: Executing hook `AtVeryEndDocument' on input line 778.
Package atveryend Info: Executing hook `AtEndAfterFileList' on input line 778.
Package rerunfilecheck Info: File `presentation.out' has not changed.
(rerunfilecheck)             Checksum: 1BED5E9A3669BF9BC43C84CBE13ACDAF;211.


LaTeX Warning: There were multiply-defined labels.

 ) 
Here is how much of TeX's memory you used:
 19436 strings out of 492453
 370710 string characters out of 3120076
 502827 words of memory out of 3000000
 23072 multiletter control sequences out of 15000+200000
 75321 words of font info for 65 fonts, out of 3000000 for 9000
 1141 hyphenation exceptions out of 8191
 58i,19n,57p,808b,808s stack positions out of 5000i,500n,10000p,200000b,50000s
{C:/Users/andre/AppData/Local/Programs/MiKTeX 2.9/fonts/enc/dvips/lm/lm-ec.en
c}{C:/Users/andre/AppData/Local/Programs/MiKTeX 2.9/fonts/enc/dvips/lm/lm-rm.en
c}{C:/Users/andre/AppData/Local/Programs/MiKTeX 2.9/fonts/enc/dvips/lm/lm-mathe
x.enc}{C:/Users/andre/AppData/Local/Programs/MiKTeX 2.9/fonts/enc/dvips/lm/lm-m
athsy.enc}{C:/Users/andre/AppData/Local/Programs/MiKTeX 2.9/fonts/enc/dvips/lm/
lm-mathit.enc}<C:/Users/andre/AppData/Local/Programs/MiKTeX 2.9/fonts/type1/pub
lic/lm/lmex10.pfb><C:/Users/andre/AppData/Local/Programs/MiKTeX 2.9/fonts/type1
/public/lm/lmmi10.pfb><C:/Users/andre/AppData/Local/Programs/MiKTeX 2.9/fonts/t
ype1/public/lm/lmss10.pfb><C:/Users/andre/AppData/Local/Programs/MiKTeX 2.9/fon
ts/type1/public/lm/lmss12.pfb><C:/Users/andre/AppData/Local/Programs/MiKTeX 2.9
/fonts/type1/public/lm/lmss8.pfb><C:/Users/andre/AppData/Local/Programs/MiKTeX 
2.9/fonts/type1/public/lm/lmssbx10.pfb><C:/Users/andre/AppData/Local/Programs/M
iKTeX 2.9/fonts/type1/public/lm/lmsso10.pfb><C:/Users/andre/AppData/Local/Progr
ams/MiKTeX 2.9/fonts/type1/public/lm/lmsso8.pfb><C:/Users/andre/AppData/Local/P
rograms/MiKTeX 2.9/fonts/type1/public/lm/lmsy10.pfb><C:/Users/andre/AppData/Loc
al/Programs/MiKTeX 2.9/fonts/type1/public/lm/lmsy8.pfb>
Output written on presentation.pdf (90 pages, 3092505 bytes).
PDF statistics:
 7897 PDF objects out of 8907 (max. 8388607)
 186 named destinations out of 1000 (max. 500000)
 236 words of extra memory for PDF output out of 10000 (max. 10000000)

